Log file open, 09/01/19 11:36:32
LogWindows: Failed to load 'aqProf.dll' (GetLastError=126)
LogWindows: File 'aqProf.dll' does not exist
LogWindows: Failed to load 'VtuneApi.dll' (GetLastError=126)
LogWindows: File 'VtuneApi.dll' does not exist
LogWindows: Failed to load 'VtuneApi32e.dll' (GetLastError=126)
LogWindows: File 'VtuneApi32e.dll' does not exist
LogConsoleResponse: Display: Failed to find resolution value strings in scalability ini. Falling back to default.
LogInit: Display: Running engine for game: pointAndClick
LogPakFile: Registered encryption key '00000000000000000000000000000000': 0 pak files mounted, 0 remain pending
LogPlatformFile: Not using cached read wrapper
LogTaskGraph: Started task graph with 5 named threads and 11 total threads with 3 sets of task threads.
LogStats: Stats thread started at 0.269122
LogD3D11RHI: Loaded GFSDK_Aftermath_Lib.x64.dll
LogICUInternationalization: ICU TimeZone Detection - Raw Offset: +1:00, Platform Override: ''
LogPluginManager: Mounting plugin Paper2D
LogPluginManager: Mounting plugin AISupport
LogPluginManager: Mounting plugin LightPropagationVolume
LogPluginManager: Mounting plugin ActorLayerUtilities
LogPluginManager: Mounting plugin AnimationSharing
LogPluginManager: Mounting plugin CLionSourceCodeAccess
LogPluginManager: Mounting plugin CodeLiteSourceCodeAccess
LogPluginManager: Mounting plugin GitSourceControl
LogPluginManager: Mounting plugin KDevelopSourceCodeAccess
LogPluginManager: Mounting plugin NullSourceCodeAccess
LogPluginManager: Mounting plugin PerforceSourceControl
LogPluginManager: Mounting plugin SubversionSourceControl
LogPluginManager: Mounting plugin UObjectPlugin
LogPluginManager: Mounting plugin VisualStudioCodeSourceCodeAccess
LogPluginManager: Mounting plugin VisualStudioSourceCodeAccess
LogPluginManager: Mounting plugin XCodeSourceCodeAccess
LogPluginManager: Mounting plugin AssetManagerEditor
LogPluginManager: Mounting plugin CryptoKeys
LogPluginManager: Mounting plugin DataValidation
LogPluginManager: Mounting plugin FacialAnimation
LogPluginManager: Mounting plugin GameplayTagsEditor
LogPluginManager: Mounting plugin MacGraphicsSwitching
LogPluginManager: Mounting plugin MaterialAnalyzer
LogPluginManager: Mounting plugin MobileLauncherProfileWizard
LogPluginManager: Mounting plugin PluginBrowser
LogPluginManager: Mounting plugin SpeedTreeImporter
LogPluginManager: Mounting plugin DatasmithContent
LogPluginManager: Mounting plugin VariantManagerContent
LogPluginManager: Mounting plugin AlembicImporter
LogPluginManager: Mounting plugin AppleImageUtils
LogPluginManager: Mounting plugin AppleVision
LogPluginManager: Mounting plugin BackChannel
LogPluginManager: Mounting plugin CharacterAI
LogPluginManager: Mounting plugin GeometryCache
LogPluginManager: Mounting plugin HTML5Networking
LogPluginManager: Mounting plugin ProxyLODPlugin
LogPluginManager: Mounting plugin SkeletalReduction
LogPluginManager: Mounting plugin MagicLeap
LogPluginManager: Mounting plugin MagicLeapMedia
LogPluginManager: Mounting plugin AndroidMedia
LogPluginManager: Mounting plugin AvfMedia
LogPluginManager: Mounting plugin ImgMedia
LogPluginManager: Mounting plugin LinearTimecode
LogPluginManager: Mounting plugin MediaCompositing
LogPluginManager: Mounting plugin MediaPlayerEditor
LogPluginManager: Mounting plugin WebMMedia
LogPluginManager: Mounting plugin WmfMedia
LogPluginManager: Mounting plugin TcpMessaging
LogPluginManager: Mounting plugin UdpMessaging
LogPluginManager: Mounting plugin ActorSequence
LogPluginManager: Mounting plugin LevelSequenceEditor
LogPluginManager: Mounting plugin MatineeToLevelSequence
LogPluginManager: Mounting plugin NetcodeUnitTest
LogPluginManager: Mounting plugin NUTUnrealEngine4
LogPluginManager: Mounting plugin OnlineSubsystemGooglePlay
LogPluginManager: Mounting plugin OnlineSubsystemIOS
LogPluginManager: Mounting plugin OnlineSubsystem
LogPluginManager: Mounting plugin OnlineSubsystemNull
LogPluginManager: Mounting plugin OnlineSubsystemUtils
LogPluginManager: Mounting plugin LauncherChunkInstaller
LogPluginManager: Mounting plugin AndroidDeviceProfileSelector
LogPluginManager: Mounting plugin AndroidMoviePlayer
LogPluginManager: Mounting plugin AndroidPermission
LogPluginManager: Mounting plugin AppleMoviePlayer
LogPluginManager: Mounting plugin ArchVisCharacter
LogPluginManager: Mounting plugin AudioCapture
LogPluginManager: Mounting plugin CableComponent
LogPluginManager: Mounting plugin CustomMeshComponent
LogPluginManager: Mounting plugin EditableMesh
LogPluginManager: Mounting plugin ExampleDeviceProfileSelector
LogPluginManager: Mounting plugin Firebase
LogPluginManager: Mounting plugin GoogleCloudMessaging
LogPluginManager: Mounting plugin IOSDeviceProfileSelector
LogPluginManager: Mounting plugin LinuxDeviceProfileSelector
LogPluginManager: Mounting plugin LocationServicesBPLibrary
LogPluginManager: Mounting plugin MobilePatchingUtils
LogPluginManager: Mounting plugin OculusVR
LogPluginManager: Mounting plugin PhysXVehicles
LogPluginManager: Mounting plugin ProceduralMeshComponent
LogPluginManager: Mounting plugin RuntimePhysXCooking
LogPluginManager: Mounting plugin SignificanceManager
LogPluginManager: Mounting plugin SteamVR
LogPluginManager: Mounting plugin WebMMoviePlayer
LogPluginManager: Mounting plugin WindowsMoviePlayer
LogInit: Using libcurl 7.55.1-DEV
LogInit:  - built for x86_64-pc-win32
LogInit:  - supports SSL with OpenSSL/1.1.1
LogInit:  - supports HTTP deflate (compression) using libz 1.2.8
LogInit:  - other features:
LogInit:      CURL_VERSION_SSL
LogInit:      CURL_VERSION_LIBZ
LogInit:      CURL_VERSION_IPV6
LogInit:      CURL_VERSION_ASYNCHDNS
LogInit:      CURL_VERSION_LARGEFILE
LogInit:      CURL_VERSION_IDN
LogInit:  CurlRequestOptions (configurable via config and command line):
LogInit:  - bVerifyPeer = true  - Libcurl will verify peer certificate
LogInit:  - bUseHttpProxy = false  - Libcurl will NOT use HTTP proxy
LogInit:  - bDontReuseConnections = false  - Libcurl will reuse connections
LogInit:  - MaxHostConnections = 16  - Libcurl will limit the number of connections to a host
LogInit:  - LocalHostAddr = Default
LogInit:  - BufferSize = 65536
LogInit: WinSock: version 1.1 (2.2), MaxSocks=32767, MaxUdp=65467
LogInit: Build: ++UE4+Release-4.22-CL-7053642
LogInit: Engine Version: 4.22.3-7053642+++UE4+Release-4.22
LogInit: Compatible Engine Version: 4.22.0-5660361+++UE4+Release-4.22
LogInit: Net CL: 5660361
LogInit: OS: Windows 10 (Release 1803) (), CPU: Intel(R) Core(TM) i7-4500U CPU @ 1.80GHz, GPU: Intel(R) HD Graphics Family
LogInit: Compiled (64-bit): Jun 18 2019 03:09:11
LogInit: Compiled with Visual C++: 19.16.27025.01
LogInit: Build Configuration: Development
LogInit: Branch Name: ++UE4+Release-4.22
LogInit: Command Line: 
LogInit: Base Directory: C:/Program Files/Epic Games/UE_4.22/Engine/Binaries/Win64/
LogInit: Installed Engine Build: 1
LogDevObjectVersion: Number of dev versions registered: 23
LogDevObjectVersion:   Dev-Blueprints (B0D832E4-1F89-4F0D-ACCF-7EB736FD4AA2): 10
LogDevObjectVersion:   Dev-Build (E1C64328-A22C-4D53-A36C-8E866417BD8C): 0
LogDevObjectVersion:   Dev-Core (375EC13C-06E4-48FB-B500-84F0262A717E): 3
LogDevObjectVersion:   Dev-Editor (E4B068ED-F494-42E9-A231-DA0B2E46BB41): 30
LogDevObjectVersion:   Dev-Framework (CFFC743F-43B0-4480-9391-14DF171D2073): 35
LogDevObjectVersion:   Dev-Mobile (B02B49B5-BB20-44E9-A304-32B752E40360): 2
LogDevObjectVersion:   Dev-Networking (A4E4105C-59A1-49B5-A7C5-40C4547EDFEE): 0
LogDevObjectVersion:   Dev-Online (39C831C9-5AE6-47DC-9A44-9C173E1C8E7C): 0
LogDevObjectVersion:   Dev-Physics (78F01B33-EBEA-4F98-B9B4-84EACCB95AA2): 0
LogDevObjectVersion:   Dev-Platform (6631380F-2D4D-43E0-8009-CF276956A95A): 0
LogDevObjectVersion:   Dev-Rendering (12F88B9F-8875-4AFC-A67C-D90C383ABD29): 28
LogDevObjectVersion:   Dev-Sequencer (7B5AE74C-D270-4C10-A958-57980B212A5A): 11
LogDevObjectVersion:   Dev-VR (D7296918-1DD6-4BDD-9DE2-64A83CC13884): 2
LogDevObjectVersion:   Dev-LoadTimes (C2A15278-BFE7-4AFE-6C17-90FF531DF755): 1
LogDevObjectVersion:   Private-Geometry (6EACA3D4-40EC-4CC1-B786-8BED09428FC5): 3
LogDevObjectVersion:   Dev-AnimPhys (29E575DD-E0A3-4627-9D10-D276232CDCEA): 17
LogDevObjectVersion:   Dev-Anim (AF43A65D-7FD3-4947-9873-3E8ED9C1BB05): 2
LogDevObjectVersion:   Dev-ReflectionCapture (6B266CEC-1EC7-4B8F-A30B-E4D90942FC07): 1
LogDevObjectVersion:   Dev-Automation (0DF73D61-A23F-47EA-B727-89E90C41499A): 1
LogDevObjectVersion:   FortniteMain (601D1886-AC64-4F84-AA16-D3DE0DEAC7D6): 25
LogDevObjectVersion:   Dev-Enterprise (9DFFBCD6-494F-0158-E221-12823C92A888): 6
LogDevObjectVersion:   Dev-Niagara (F2AED0AC-9AFE-416F-8664-AA7FFA26D6FC): 1
LogDevObjectVersion:   Dev-Destruction (174F1F0B-B4C6-45A5-B13F-2EE8D0FB917D): 2
LogInit: Presizing for max 16777216 objects, including 0 objects not considered by GC, pre-allocating 0 bytes for permanent pool.
LogInit: Object subsystem initialized
LogConfig: Setting CVar [[con.DebugEarlyDefault:1]]
LogConfig: Setting CVar [[r.setres:1280x720]]
[2019.09.01-09.36.33:370][  0]LogConfig: Setting CVar [[r.VSync:0]]
[2019.09.01-09.36.33:370][  0]LogConfig: Setting CVar [[r.RHICmdBypass:0]]
[2019.09.01-09.36.33:370][  0]LogConfig: Applying CVar settings from Section [/Script/Engine.RendererSettings] File [C:/Users/Philipp/Desktop/Project-Erebos-112/Workspace/pointAndClick/Saved/Config/Windows/Engine.ini]
[2019.09.01-09.36.33:370][  0]LogConfig: Setting CVar [[r.GPUCrashDebugging:0]]
[2019.09.01-09.36.33:370][  0]LogConfig: Setting CVar [[r.MobileHDR:1]]
[2019.09.01-09.36.33:370][  0]LogConfig: Setting CVar [[r.Mobile.DisableVertexFog:1]]
[2019.09.01-09.36.33:370][  0]LogConfig: Setting CVar [[r.Shadow.CSM.MaxMobileCascades:2]]
[2019.09.01-09.36.33:370][  0]LogConfig: Setting CVar [[r.MobileMSAA:1]]
[2019.09.01-09.36.33:371][  0]LogConfig: Setting CVar [[r.Mobile.UseLegacyShadingModel:0]]
[2019.09.01-09.36.33:371][  0]LogConfig: Setting CVar [[r.Mobile.UseHWsRGBEncoding:0]]
[2019.09.01-09.36.33:371][  0]LogConfig: Setting CVar [[r.Mobile.AllowDitheredLODTransition:0]]
[2019.09.01-09.36.33:371][  0]LogConfig: Setting CVar [[r.Mobile.AllowSoftwareOcclusion:0]]
[2019.09.01-09.36.33:371][  0]LogConfig: Setting CVar [[r.DiscardUnusedQuality:0]]
[2019.09.01-09.36.33:371][  0]LogConfig: Setting CVar [[r.AllowOcclusionQueries:1]]
[2019.09.01-09.36.33:371][  0]LogConfig: Setting CVar [[r.MinScreenRadiusForLights:0.030000]]
[2019.09.01-09.36.33:371][  0]LogConfig: Setting CVar [[r.MinScreenRadiusForDepthPrepass:0.030000]]
[2019.09.01-09.36.33:371][  0]LogConfig: Setting CVar [[r.MinScreenRadiusForCSMDepth:0.010000]]
[2019.09.01-09.36.33:371][  0]LogConfig: Setting CVar [[r.PrecomputedVisibilityWarning:0]]
[2019.09.01-09.36.33:371][  0]LogConfig: Setting CVar [[r.TextureStreaming:1]]
[2019.09.01-09.36.33:371][  0]LogConfig: Setting CVar [[Compat.UseDXT5NormalMaps:0]]
[2019.09.01-09.36.33:371][  0]LogConfig: Setting CVar [[r.ClearCoatNormal:0]]
[2019.09.01-09.36.33:371][  0]LogConfig: Setting CVar [[r.ReflectionCaptureResolution:128]]
[2019.09.01-09.36.33:371][  0]LogConfig: Setting CVar [[r.ReflectionEnvironmentLightmapMixBasedOnRoughness:1]]
[2019.09.01-09.36.33:371][  0]LogConfig: Setting CVar [[r.ForwardShading:0]]
[2019.09.01-09.36.33:371][  0]LogConfig: Setting CVar [[r.VertexFoggingForOpaque:1]]
[2019.09.01-09.36.33:371][  0]LogConfig: Setting CVar [[r.AllowStaticLighting:1]]
[2019.09.01-09.36.33:371][  0]LogConfig: Setting CVar [[r.NormalMapsForStaticLighting:0]]
[2019.09.01-09.36.33:371][  0]LogConfig: Setting CVar [[r.GenerateMeshDistanceFields:0]]
[2019.09.01-09.36.33:371][  0]LogConfig: Setting CVar [[r.DistanceFieldBuild.EightBit:0]]
[2019.09.01-09.36.33:371][  0]LogConfig: Setting CVar [[r.GenerateLandscapeGIData:0]]
[2019.09.01-09.36.33:371][  0]LogConfig: Setting CVar [[r.DistanceFieldBuild.Compress:0]]
[2019.09.01-09.36.33:371][  0]LogConfig: Setting CVar [[r.TessellationAdaptivePixelsPerTriangle:48.000000]]
[2019.09.01-09.36.33:371][  0]LogConfig: Setting CVar [[r.SeparateTranslucency:1]]
[2019.09.01-09.36.33:371][  0]LogConfig: Setting CVar [[r.TranslucentSortPolicy:0]]
[2019.09.01-09.36.33:371][  0]LogConfig: Setting CVar [[r.CustomDepth:1]]
[2019.09.01-09.36.33:371][  0]LogConfig: Setting CVar [[r.CustomDepthTemporalAAJitter:1]]
[2019.09.01-09.36.33:371][  0]LogConfig: Setting CVar [[r.PostProcessing.PropagateAlpha:0]]
[2019.09.01-09.36.33:371][  0]LogConfig: Setting CVar [[r.DOF.Algorithm:1]]
[2019.09.01-09.36.33:371][  0]LogConfig: Setting CVar [[r.DefaultFeature.Bloom:1]]
[2019.09.01-09.36.33:371][  0]LogConfig: Setting CVar [[r.DefaultFeature.AmbientOcclusion:1]]
[2019.09.01-09.36.33:371][  0]LogConfig: Setting CVar [[r.DefaultFeature.AmbientOcclusionStaticFraction:1]]
[2019.09.01-09.36.33:371][  0]LogConfig: Setting CVar [[r.DefaultFeature.AutoExposure:1]]
[2019.09.01-09.36.33:371][  0]LogConfig: Setting CVar [[r.DefaultFeature.AutoExposure.Method:0]]
[2019.09.01-09.36.33:371][  0]LogConfig: Setting CVar [[r.DefaultFeature.AutoExposure.ExtendDefaultLuminanceRange:0]]
[2019.09.01-09.36.33:371][  0]LogConfig: Setting CVar [[r.UsePreExposure:0]]
[2019.09.01-09.36.33:371][  0]LogConfig: Setting CVar [[r.DefaultFeature.MotionBlur:1]]
[2019.09.01-09.36.33:371][  0]LogConfig: Setting CVar [[r.DefaultFeature.LensFlare:0]]
[2019.09.01-09.36.33:371][  0]LogConfig: Setting CVar [[r.TemporalAA.Upsampling:0]]
[2019.09.01-09.36.33:371][  0]LogConfig: Setting CVar [[r.DefaultFeature.AntiAliasing:2]]
[2019.09.01-09.36.33:371][  0]LogConfig: Setting CVar [[r.DefaultFeature.LightUnits:1]]
[2019.09.01-09.36.33:371][  0]LogConfig: Setting CVar [[r.DefaultBackBufferPixelFormat:4]]
[2019.09.01-09.36.33:371][  0]LogConfig: Setting CVar [[r.Shadow.UnbuiltPreviewInGame:1]]
[2019.09.01-09.36.33:371][  0]LogConfig: Setting CVar [[r.StencilForLODDither:0]]
[2019.09.01-09.36.33:371][  0]LogConfig: Setting CVar [[r.EarlyZPass:3]]
[2019.09.01-09.36.33:371][  0]LogConfig: Setting CVar [[r.EarlyZPassOnlyMaterialMasking:0]]
[2019.09.01-09.36.33:371][  0]LogConfig: Setting CVar [[r.DBuffer:1]]
[2019.09.01-09.36.33:371][  0]LogConfig: Setting CVar [[r.ClearSceneMethod:1]]
[2019.09.01-09.36.33:371][  0]LogConfig: Setting CVar [[r.BasePassOutputsVelocity:0]]
[2019.09.01-09.36.33:371][  0]LogConfig: Setting CVar [[r.SelectiveBasePassOutputs:0]]
[2019.09.01-09.36.33:371][  0]LogConfig: Setting CVar [[fx.GPUSimulationTextureSizeX:1024]]
[2019.09.01-09.36.33:371][  0]LogConfig: Setting CVar [[fx.GPUSimulationTextureSizeY:1024]]
[2019.09.01-09.36.33:371][  0]LogConfig: Setting CVar [[r.AllowGlobalClipPlane:0]]
[2019.09.01-09.36.33:371][  0]LogConfig: Setting CVar [[r.GBufferFormat:1]]
[2019.09.01-09.36.33:371][  0]LogConfig: Setting CVar [[r.MorphTarget.Mode:1]]
[2019.09.01-09.36.33:371][  0]LogConfig: Setting CVar [[vr.InstancedStereo:0]]
[2019.09.01-09.36.33:371][  0]LogConfig: Setting CVar [[vr.MultiView:0]]
[2019.09.01-09.36.33:371][  0]LogConfig: Setting CVar [[vr.MobileMultiView:0]]
[2019.09.01-09.36.33:371][  0]LogConfig: Setting CVar [[vr.MobileMultiView.Direct:0]]
[2019.09.01-09.36.33:371][  0]LogConfig: Setting CVar [[vr.RoundRobinOcclusion:0]]
[2019.09.01-09.36.33:371][  0]LogConfig: Setting CVar [[vr.ODSCapture:0]]
[2019.09.01-09.36.33:371][  0]LogConfig: Setting CVar [[r.WireframeCullThreshold:5.000000]]
[2019.09.01-09.36.33:371][  0]LogConfig: Setting CVar [[r.RayTracing:0]]
[2019.09.01-09.36.33:371][  0]LogConfig: Setting CVar [[r.SupportStationarySkylight:1]]
[2019.09.01-09.36.33:373][  0]LogConfig: Setting CVar [[r.SupportLowQualityLightmaps:1]]
[2019.09.01-09.36.33:373][  0]LogConfig: Setting CVar [[r.SupportPointLightWholeSceneShadows:1]]
[2019.09.01-09.36.33:373][  0]LogConfig: Setting CVar [[r.SupportAtmosphericFog:1]]
[2019.09.01-09.36.33:373][  0]LogConfig: Setting CVar [[r.SkinCache.CompileShaders:0]]
[2019.09.01-09.36.33:373][  0]LogConfig: Setting CVar [[r.Mobile.EnableStaticAndCSMShadowReceivers:1]]
[2019.09.01-09.36.33:373][  0]LogConfig: Setting CVar [[r.Mobile.EnableMovableLightCSMShaderCulling:1]]
[2019.09.01-09.36.33:373][  0]LogConfig: Setting CVar [[r.Mobile.AllowDistanceFieldShadows:1]]
[2019.09.01-09.36.33:373][  0]LogConfig: Setting CVar [[r.Mobile.AllowMovableDirectionalLights:1]]
[2019.09.01-09.36.33:373][  0]LogConfig: Setting CVar [[r.MobileNumDynamicPointLights:4]]
[2019.09.01-09.36.33:373][  0]LogConfig: Setting CVar [[r.MobileDynamicPointLightsUseStaticBranch:1]]
[2019.09.01-09.36.33:373][  0]LogConfig: Setting CVar [[r.Mobile.EnableMovableSpotlights:0]]
[2019.09.01-09.36.33:373][  0]LogConfig: Setting CVar [[r.SkinCache.SceneMemoryLimitInMB:128.000000]]
[2019.09.01-09.36.33:373][  0]LogConfig: Setting CVar [[r.GPUSkin.Limit2BoneInfluences:0]]
[2019.09.01-09.36.33:373][  0]LogConfig: Setting CVar [[r.SupportDepthOnlyIndexBuffers:1]]
[2019.09.01-09.36.33:373][  0]LogConfig: Setting CVar [[r.SupportReversedIndexBuffers:1]]
[2019.09.01-09.36.33:373][  0]LogConfig: Setting CVar [[r.SupportMaterialLayers:0]]
[2019.09.01-09.36.33:373][  0]LogConfig: Applying CVar settings from Section [/Script/Engine.RendererOverrideSettings] File [C:/Users/Philipp/Desktop/Project-Erebos-112/Workspace/pointAndClick/Saved/Config/Windows/Engine.ini]
[2019.09.01-09.36.33:373][  0]LogConfig: Applying CVar settings from Section [/Script/Engine.StreamingSettings] File [C:/Users/Philipp/Desktop/Project-Erebos-112/Workspace/pointAndClick/Saved/Config/Windows/Engine.ini]
[2019.09.01-09.36.33:373][  0]LogConfig: Setting CVar [[s.MinBulkDataSizeForAsyncLoading:131072]]
[2019.09.01-09.36.33:373][  0]LogConfig: Setting CVar [[s.AsyncLoadingThreadEnabled:0]]
[2019.09.01-09.36.33:373][  0]LogConfig: Setting CVar [[s.EventDrivenLoaderEnabled:1]]
[2019.09.01-09.36.33:373][  0]LogConfig: Setting CVar [[s.WarnIfTimeLimitExceeded:0]]
[2019.09.01-09.36.33:373][  0]LogConfig: Setting CVar [[s.TimeLimitExceededMultiplier:1.5]]
[2019.09.01-09.36.33:373][  0]LogConfig: Setting CVar [[s.TimeLimitExceededMinTime:0.005]]
[2019.09.01-09.36.33:373][  0]LogConfig: Setting CVar [[s.UseBackgroundLevelStreaming:1]]
[2019.09.01-09.36.33:373][  0]LogConfig: Setting CVar [[s.PriorityAsyncLoadingExtraTime:15.0]]
[2019.09.01-09.36.33:373][  0]LogConfig: Setting CVar [[s.LevelStreamingActorsUpdateTimeLimit:5.0]]
[2019.09.01-09.36.33:373][  0]LogConfig: Setting CVar [[s.PriorityLevelStreamingActorsUpdateExtraTime:5.0]]
[2019.09.01-09.36.33:373][  0]LogConfig: Setting CVar [[s.LevelStreamingComponentsRegistrationGranularity:10]]
[2019.09.01-09.36.33:373][  0]LogConfig: Setting CVar [[s.UnregisterComponentsTimeLimit:1.0]]
[2019.09.01-09.36.33:373][  0]LogConfig: Setting CVar [[s.LevelStreamingComponentsUnregistrationGranularity:5]]
[2019.09.01-09.36.33:373][  0]LogConfig: Applying CVar settings from Section [/Script/Engine.GarbageCollectionSettings] File [C:/Users/Philipp/Desktop/Project-Erebos-112/Workspace/pointAndClick/Saved/Config/Windows/Engine.ini]
[2019.09.01-09.36.33:373][  0]LogConfig: Setting CVar [[gc.MaxObjectsNotConsideredByGC:1]]
[2019.09.01-09.36.33:373][  0]LogConfig: Setting CVar [[gc.SizeOfPermanentObjectPool:0]]
[2019.09.01-09.36.33:373][  0]LogConfig: Setting CVar [[gc.FlushStreamingOnGC:0]]
[2019.09.01-09.36.33:373][  0]LogConfig: Setting CVar [[gc.NumRetriesBeforeForcingGC:10]]
[2019.09.01-09.36.33:373][  0]LogConfig: Setting CVar [[gc.AllowParallelGC:1]]
[2019.09.01-09.36.33:373][  0]LogConfig: Setting CVar [[gc.TimeBetweenPurgingPendingKillObjects:61.1]]
[2019.09.01-09.36.33:373][  0]LogConfig: Setting CVar [[gc.MaxObjectsInEditor:16777216]]
[2019.09.01-09.36.33:373][  0]LogConfig: Setting CVar [[gc.IncrementalBeginDestroyEnabled:1]]
[2019.09.01-09.36.33:373][  0]LogConfig: Setting CVar [[gc.CreateGCClusters:1]]
[2019.09.01-09.36.33:373][  0]LogConfig: Setting CVar [[gc.MinGCClusterSize:5]]
[2019.09.01-09.36.33:373][  0]LogConfig: Setting CVar [[gc.ActorClusteringEnabled:0]]
[2019.09.01-09.36.33:373][  0]LogConfig: Setting CVar [[gc.BlueprintClusteringEnabled:0]]
[2019.09.01-09.36.33:373][  0]LogConfig: Setting CVar [[gc.UseDisregardForGCOnDedicatedServers:0]]
[2019.09.01-09.36.33:373][  0]LogConfig: Applying CVar settings from Section [/Script/Engine.NetworkSettings] File [C:/Users/Philipp/Desktop/Project-Erebos-112/Workspace/pointAndClick/Saved/Config/Windows/Engine.ini]
[2019.09.01-09.36.33:373][  0]LogConfig: Applying CVar settings from Section [/Script/UnrealEd.CookerSettings] File [C:/Users/Philipp/Desktop/Project-Erebos-112/Workspace/pointAndClick/Saved/Config/Windows/Engine.ini]
[2019.09.01-09.36.33:383][  0]LogConfig: Applying CVar settings from Section [ViewDistanceQuality@3] File [C:/Users/Philipp/Desktop/Project-Erebos-112/Workspace/pointAndClick/Saved/Config/Windows/Scalability.ini]
[2019.09.01-09.36.33:383][  0]LogConfig: Setting CVar [[r.SkeletalMeshLODBias:0]]
[2019.09.01-09.36.33:383][  0]LogConfig: Setting CVar [[r.ViewDistanceScale:1.0]]
[2019.09.01-09.36.33:383][  0]LogConfig: Applying CVar settings from Section [AntiAliasingQuality@3] File [C:/Users/Philipp/Desktop/Project-Erebos-112/Workspace/pointAndClick/Saved/Config/Windows/Scalability.ini]
[2019.09.01-09.36.33:383][  0]LogConfig: Setting CVar [[r.PostProcessAAQuality:4]]
[2019.09.01-09.36.33:383][  0]LogConfig: Applying CVar settings from Section [ShadowQuality@3] File [C:/Users/Philipp/Desktop/Project-Erebos-112/Workspace/pointAndClick/Saved/Config/Windows/Scalability.ini]
[2019.09.01-09.36.33:383][  0]LogConfig: Setting CVar [[r.LightFunctionQuality:1]]
[2019.09.01-09.36.33:383][  0]LogConfig: Setting CVar [[r.ShadowQuality:5]]
[2019.09.01-09.36.33:384][  0]LogConfig: Setting CVar [[r.Shadow.CSM.MaxCascades:10]]
[2019.09.01-09.36.33:384][  0]LogConfig: Setting CVar [[r.Shadow.MaxResolution:2048]]
[2019.09.01-09.36.33:384][  0]LogConfig: Setting CVar [[r.Shadow.MaxCSMResolution:2048]]
[2019.09.01-09.36.33:384][  0]LogConfig: Setting CVar [[r.Shadow.RadiusThreshold:0.01]]
[2019.09.01-09.36.33:384][  0]LogConfig: Setting CVar [[r.Shadow.DistanceScale:1.0]]
[2019.09.01-09.36.33:384][  0]LogConfig: Setting CVar [[r.Shadow.CSM.TransitionScale:1.0]]
[2019.09.01-09.36.33:384][  0]LogConfig: Setting CVar [[r.Shadow.PreShadowResolutionFactor:1.0]]
[2019.09.01-09.36.33:384][  0]LogConfig: Setting CVar [[r.DistanceFieldShadowing:1]]
[2019.09.01-09.36.33:384][  0]LogConfig: Setting CVar [[r.DistanceFieldAO:1]]
[2019.09.01-09.36.33:384][  0]LogConfig: Setting CVar [[r.AOQuality:2]]
[2019.09.01-09.36.33:384][  0]LogConfig: Setting CVar [[r.VolumetricFog:1]]
[2019.09.01-09.36.33:384][  0]LogConfig: Setting CVar [[r.VolumetricFog.GridPixelSize:8]]
[2019.09.01-09.36.33:384][  0]LogConfig: Setting CVar [[r.VolumetricFog.GridSizeZ:128]]
[2019.09.01-09.36.33:384][  0]LogConfig: Setting CVar [[r.VolumetricFog.HistoryMissSupersampleCount:4]]
[2019.09.01-09.36.33:384][  0]LogConfig: Setting CVar [[r.LightMaxDrawDistanceScale:1]]
[2019.09.01-09.36.33:384][  0]LogConfig: Setting CVar [[r.CapsuleShadows:1]]
[2019.09.01-09.36.33:384][  0]LogConfig: Applying CVar settings from Section [PostProcessQuality@3] File [C:/Users/Philipp/Desktop/Project-Erebos-112/Workspace/pointAndClick/Saved/Config/Windows/Scalability.ini]
[2019.09.01-09.36.33:384][  0]LogConfig: Setting CVar [[r.MotionBlurQuality:4]]
[2019.09.01-09.36.33:384][  0]LogConfig: Setting CVar [[r.AmbientOcclusionMipLevelFactor:0.4]]
[2019.09.01-09.36.33:384][  0]LogConfig: Setting CVar [[r.AmbientOcclusionMaxQuality:100]]
[2019.09.01-09.36.33:384][  0]LogConfig: Setting CVar [[r.AmbientOcclusionLevels:-1]]
[2019.09.01-09.36.33:384][  0]LogConfig: Setting CVar [[r.AmbientOcclusionRadiusScale:1.0]]
[2019.09.01-09.36.33:384][  0]LogConfig: Setting CVar [[r.DepthOfFieldQuality:2]]
[2019.09.01-09.36.33:384][  0]LogConfig: Setting CVar [[r.RenderTargetPoolMin:400]]
[2019.09.01-09.36.33:384][  0]LogConfig: Setting CVar [[r.LensFlareQuality:2]]
[2019.09.01-09.36.33:384][  0]LogConfig: Setting CVar [[r.SceneColorFringeQuality:1]]
[2019.09.01-09.36.33:384][  0]LogConfig: Setting CVar [[r.EyeAdaptationQuality:2]]
[2019.09.01-09.36.33:384][  0]LogConfig: Setting CVar [[r.BloomQuality:5]]
[2019.09.01-09.36.33:384][  0]LogConfig: Setting CVar [[r.FastBlurThreshold:100]]
[2019.09.01-09.36.33:384][  0]LogConfig: Setting CVar [[r.Upscale.Quality:3]]
[2019.09.01-09.36.33:384][  0]LogConfig: Setting CVar [[r.Tonemapper.GrainQuantization:1]]
[2019.09.01-09.36.33:384][  0]LogConfig: Setting CVar [[r.LightShaftQuality:1]]
[2019.09.01-09.36.33:384][  0]LogConfig: Setting CVar [[r.Filter.SizeScale:1]]
[2019.09.01-09.36.33:384][  0]LogConfig: Setting CVar [[r.Tonemapper.Quality:5]]
[2019.09.01-09.36.33:384][  0]LogConfig: Setting CVar [[r.DOF.Gather.AccumulatorQuality:1        ; higher gathering accumulator quality]]
[2019.09.01-09.36.33:384][  0]LogConfig: Setting CVar [[r.DOF.Gather.PostfilterMethod:1          ; Median3x3 postfilering method]]
[2019.09.01-09.36.33:384][  0]LogConfig: Setting CVar [[r.DOF.Gather.EnableBokehSettings:0       ; no bokeh simulation when gathering]]
[2019.09.01-09.36.33:384][  0]LogConfig: Setting CVar [[r.DOF.Gather.RingCount:4                 ; medium number of samples when gathering]]
[2019.09.01-09.36.33:385][  0]LogConfig: Setting CVar [[r.DOF.Scatter.ForegroundCompositing:1    ; additive foreground scattering]]
[2019.09.01-09.36.33:385][  0]LogConfig: Setting CVar [[r.DOF.Scatter.BackgroundCompositing:2    ; additive background scattering]]
[2019.09.01-09.36.33:385][  0]LogConfig: Setting CVar [[r.DOF.Scatter.EnableBokehSettings:1      ; bokeh simulation when scattering]]
[2019.09.01-09.36.33:385][  0]LogConfig: Setting CVar [[r.DOF.Scatter.MaxSpriteRatio:0.1         ; only a maximum of 10% of scattered bokeh]]
[2019.09.01-09.36.33:385][  0]LogConfig: Setting CVar [[r.DOF.Recombine.Quality:1                ; cheap slight out of focus]]
[2019.09.01-09.36.33:385][  0]LogConfig: Setting CVar [[r.DOF.Recombine.EnableBokehSettings:0    ; no bokeh simulation on slight out of focus]]
[2019.09.01-09.36.33:385][  0]LogConfig: Setting CVar [[r.DOF.TemporalAAQuality:1                ; more stable temporal accumulation]]
[2019.09.01-09.36.33:385][  0]LogConfig: Setting CVar [[r.DOF.Kernel.MaxForegroundRadius:0.025]]
[2019.09.01-09.36.33:385][  0]LogConfig: Setting CVar [[r.DOF.Kernel.MaxBackgroundRadius:0.025]]
[2019.09.01-09.36.33:385][  0]LogConfig: Applying CVar settings from Section [TextureQuality@3] File [C:/Users/Philipp/Desktop/Project-Erebos-112/Workspace/pointAndClick/Saved/Config/Windows/Scalability.ini]
[2019.09.01-09.36.33:385][  0]LogConfig: Setting CVar [[r.Streaming.MipBias:0]]
[2019.09.01-09.36.33:385][  0]LogConfig: Setting CVar [[r.Streaming.AmortizeCPUToGPUCopy:0]]
[2019.09.01-09.36.33:385][  0]LogConfig: Setting CVar [[r.Streaming.MaxNumTexturesToStreamPerFrame:0]]
[2019.09.01-09.36.33:385][  0]LogConfig: Setting CVar [[r.Streaming.Boost:1]]
[2019.09.01-09.36.33:385][  0]LogConfig: Setting CVar [[r.MaxAnisotropy:8]]
[2019.09.01-09.36.33:385][  0]LogConfig: Setting CVar [[r.Streaming.LimitPoolSizeToVRAM:0]]
[2019.09.01-09.36.33:385][  0]LogConfig: Setting CVar [[r.Streaming.PoolSize:1000]]
[2019.09.01-09.36.33:385][  0]LogConfig: Setting CVar [[r.Streaming.MaxEffectiveScreenSize:0]]
[2019.09.01-09.36.33:385][  0]LogConfig: Applying CVar settings from Section [EffectsQuality@3] File [C:/Users/Philipp/Desktop/Project-Erebos-112/Workspace/pointAndClick/Saved/Config/Windows/Scalability.ini]
[2019.09.01-09.36.33:385][  0]LogConfig: Setting CVar [[r.TranslucencyLightingVolumeDim:64]]
[2019.09.01-09.36.33:385][  0]LogConfig: Setting CVar [[r.RefractionQuality:2]]
[2019.09.01-09.36.33:385][  0]LogConfig: Setting CVar [[r.SSR.Quality:3]]
[2019.09.01-09.36.33:385][  0]LogConfig: Setting CVar [[r.SceneColorFormat:4]]
[2019.09.01-09.36.33:385][  0]LogConfig: Setting CVar [[r.DetailMode:2]]
[2019.09.01-09.36.33:385][  0]LogConfig: Setting CVar [[r.TranslucencyVolumeBlur:1]]
[2019.09.01-09.36.33:385][  0]LogConfig: Setting CVar [[r.MaterialQualityLevel:1 ; High quality]]
[2019.09.01-09.36.33:385][  0]LogConfig: Setting CVar [[r.SSS.Scale:1]]
[2019.09.01-09.36.33:385][  0]LogConfig: Setting CVar [[r.SSS.SampleSet:2]]
[2019.09.01-09.36.33:385][  0]LogConfig: Setting CVar [[r.SSS.Quality:1]]
[2019.09.01-09.36.33:385][  0]LogConfig: Setting CVar [[r.SSS.HalfRes:1]]
[2019.09.01-09.36.33:385][  0]LogConfig: Setting CVar [[r.EmitterSpawnRateScale:1.0]]
[2019.09.01-09.36.33:385][  0]LogConfig: Setting CVar [[r.ParticleLightQuality:2]]
[2019.09.01-09.36.33:386][  0]LogConfig: Applying CVar settings from Section [FoliageQuality@3] File [C:/Users/Philipp/Desktop/Project-Erebos-112/Workspace/pointAndClick/Saved/Config/Windows/Scalability.ini]
[2019.09.01-09.36.33:386][  0]LogConfig: Setting CVar [[foliage.DensityScale:1.0]]
[2019.09.01-09.36.33:386][  0]LogConfig: Setting CVar [[grass.DensityScale:1.0]]
[2019.09.01-09.36.33:386][  0]LogInit: Selected Device Profile: [Windows]
[2019.09.01-09.36.33:386][  0]LogInit: Applying CVar settings loaded from the selected device profile: [Windows]
[2019.09.01-09.36.33:403][  0]LogHAL: Display: Platform has ~ 8 GB [8483581952 / 8589934592 / 8], which maps to Default [LargestMinGB=32, LargerMinGB=12, DefaultMinGB=8, SmallerMinGB=6, SmallestMinGB=0)
[2019.09.01-09.36.33:403][  0]LogConfig: Setting CVar [[r.Vulkan.UseRealUBs:0		; Required until we fix HLR fall-out]]
[2019.09.01-09.36.33:403][  0]LogInit: Going up to parent DeviceProfile []
[2019.09.01-09.36.33:403][  0]LogConfig: Applying CVar settings from Section [ViewDistanceQuality@3] File [C:/Users/Philipp/Desktop/Project-Erebos-112/Workspace/pointAndClick/Saved/Config/Windows/Scalability.ini]
[2019.09.01-09.36.33:403][  0]LogConfig: Setting CVar [[r.SkeletalMeshLODBias:0]]
[2019.09.01-09.36.33:403][  0]LogConfig: Setting CVar [[r.ViewDistanceScale:1.0]]
[2019.09.01-09.36.33:403][  0]LogConfig: Applying CVar settings from Section [AntiAliasingQuality@3] File [C:/Users/Philipp/Desktop/Project-Erebos-112/Workspace/pointAndClick/Saved/Config/Windows/Scalability.ini]
[2019.09.01-09.36.33:403][  0]LogConfig: Setting CVar [[r.PostProcessAAQuality:4]]
[2019.09.01-09.36.33:403][  0]LogConfig: Applying CVar settings from Section [ShadowQuality@3] File [C:/Users/Philipp/Desktop/Project-Erebos-112/Workspace/pointAndClick/Saved/Config/Windows/Scalability.ini]
[2019.09.01-09.36.33:403][  0]LogConfig: Setting CVar [[r.LightFunctionQuality:1]]
[2019.09.01-09.36.33:403][  0]LogConfig: Setting CVar [[r.ShadowQuality:5]]
[2019.09.01-09.36.33:403][  0]LogConfig: Setting CVar [[r.Shadow.CSM.MaxCascades:10]]
[2019.09.01-09.36.33:403][  0]LogConfig: Setting CVar [[r.Shadow.MaxResolution:2048]]
[2019.09.01-09.36.33:403][  0]LogConfig: Setting CVar [[r.Shadow.MaxCSMResolution:2048]]
[2019.09.01-09.36.33:403][  0]LogConfig: Setting CVar [[r.Shadow.RadiusThreshold:0.01]]
[2019.09.01-09.36.33:403][  0]LogConfig: Setting CVar [[r.Shadow.DistanceScale:1.0]]
[2019.09.01-09.36.33:403][  0]LogConfig: Setting CVar [[r.Shadow.CSM.TransitionScale:1.0]]
[2019.09.01-09.36.33:403][  0]LogConfig: Setting CVar [[r.Shadow.PreShadowResolutionFactor:1.0]]
[2019.09.01-09.36.33:403][  0]LogConfig: Setting CVar [[r.DistanceFieldShadowing:1]]
[2019.09.01-09.36.33:403][  0]LogConfig: Setting CVar [[r.DistanceFieldAO:1]]
[2019.09.01-09.36.33:403][  0]LogConfig: Setting CVar [[r.AOQuality:2]]
[2019.09.01-09.36.33:403][  0]LogConfig: Setting CVar [[r.VolumetricFog:1]]
[2019.09.01-09.36.33:403][  0]LogConfig: Setting CVar [[r.VolumetricFog.GridPixelSize:8]]
[2019.09.01-09.36.33:403][  0]LogConfig: Setting CVar [[r.VolumetricFog.GridSizeZ:128]]
[2019.09.01-09.36.33:404][  0]LogConfig: Setting CVar [[r.VolumetricFog.HistoryMissSupersampleCount:4]]
[2019.09.01-09.36.33:404][  0]LogConfig: Setting CVar [[r.LightMaxDrawDistanceScale:1]]
[2019.09.01-09.36.33:404][  0]LogConfig: Setting CVar [[r.CapsuleShadows:1]]
[2019.09.01-09.36.33:404][  0]LogConfig: Applying CVar settings from Section [PostProcessQuality@3] File [C:/Users/Philipp/Desktop/Project-Erebos-112/Workspace/pointAndClick/Saved/Config/Windows/Scalability.ini]
[2019.09.01-09.36.33:404][  0]LogConfig: Setting CVar [[r.MotionBlurQuality:4]]
[2019.09.01-09.36.33:404][  0]LogConfig: Setting CVar [[r.AmbientOcclusionMipLevelFactor:0.4]]
[2019.09.01-09.36.33:404][  0]LogConfig: Setting CVar [[r.AmbientOcclusionMaxQuality:100]]
[2019.09.01-09.36.33:404][  0]LogConfig: Setting CVar [[r.AmbientOcclusionLevels:-1]]
[2019.09.01-09.36.33:404][  0]LogConfig: Setting CVar [[r.AmbientOcclusionRadiusScale:1.0]]
[2019.09.01-09.36.33:404][  0]LogConfig: Setting CVar [[r.DepthOfFieldQuality:2]]
[2019.09.01-09.36.33:404][  0]LogConfig: Setting CVar [[r.RenderTargetPoolMin:400]]
[2019.09.01-09.36.33:404][  0]LogConfig: Setting CVar [[r.LensFlareQuality:2]]
[2019.09.01-09.36.33:404][  0]LogConfig: Setting CVar [[r.SceneColorFringeQuality:1]]
[2019.09.01-09.36.33:404][  0]LogConfig: Setting CVar [[r.EyeAdaptationQuality:2]]
[2019.09.01-09.36.33:404][  0]LogConfig: Setting CVar [[r.BloomQuality:5]]
[2019.09.01-09.36.33:404][  0]LogConfig: Setting CVar [[r.FastBlurThreshold:100]]
[2019.09.01-09.36.33:404][  0]LogConfig: Setting CVar [[r.Upscale.Quality:3]]
[2019.09.01-09.36.33:404][  0]LogConfig: Setting CVar [[r.Tonemapper.GrainQuantization:1]]
[2019.09.01-09.36.33:404][  0]LogConfig: Setting CVar [[r.LightShaftQuality:1]]
[2019.09.01-09.36.33:404][  0]LogConfig: Setting CVar [[r.Filter.SizeScale:1]]
[2019.09.01-09.36.33:404][  0]LogConfig: Setting CVar [[r.Tonemapper.Quality:5]]
[2019.09.01-09.36.33:404][  0]LogConfig: Setting CVar [[r.DOF.Gather.AccumulatorQuality:1        ; higher gathering accumulator quality]]
[2019.09.01-09.36.33:404][  0]LogConfig: Setting CVar [[r.DOF.Gather.PostfilterMethod:1          ; Median3x3 postfilering method]]
[2019.09.01-09.36.33:404][  0]LogConfig: Setting CVar [[r.DOF.Gather.EnableBokehSettings:0       ; no bokeh simulation when gathering]]
[2019.09.01-09.36.33:404][  0]LogConfig: Setting CVar [[r.DOF.Gather.RingCount:4                 ; medium number of samples when gathering]]
[2019.09.01-09.36.33:404][  0]LogConfig: Setting CVar [[r.DOF.Scatter.ForegroundCompositing:1    ; additive foreground scattering]]
[2019.09.01-09.36.33:404][  0]LogConfig: Setting CVar [[r.DOF.Scatter.BackgroundCompositing:2    ; additive background scattering]]
[2019.09.01-09.36.33:404][  0]LogConfig: Setting CVar [[r.DOF.Scatter.EnableBokehSettings:1      ; bokeh simulation when scattering]]
[2019.09.01-09.36.33:404][  0]LogConfig: Setting CVar [[r.DOF.Scatter.MaxSpriteRatio:0.1         ; only a maximum of 10% of scattered bokeh]]
[2019.09.01-09.36.33:404][  0]LogConfig: Setting CVar [[r.DOF.Recombine.Quality:1                ; cheap slight out of focus]]
[2019.09.01-09.36.33:404][  0]LogConfig: Setting CVar [[r.DOF.Recombine.EnableBokehSettings:0    ; no bokeh simulation on slight out of focus]]
[2019.09.01-09.36.33:404][  0]LogConfig: Setting CVar [[r.DOF.TemporalAAQuality:1                ; more stable temporal accumulation]]
[2019.09.01-09.36.33:404][  0]LogConfig: Setting CVar [[r.DOF.Kernel.MaxForegroundRadius:0.025]]
[2019.09.01-09.36.33:404][  0]LogConfig: Setting CVar [[r.DOF.Kernel.MaxBackgroundRadius:0.025]]
[2019.09.01-09.36.33:404][  0]LogConfig: Applying CVar settings from Section [TextureQuality@3] File [C:/Users/Philipp/Desktop/Project-Erebos-112/Workspace/pointAndClick/Saved/Config/Windows/Scalability.ini]
[2019.09.01-09.36.33:404][  0]LogConfig: Setting CVar [[r.Streaming.MipBias:0]]
[2019.09.01-09.36.33:404][  0]LogConfig: Setting CVar [[r.Streaming.AmortizeCPUToGPUCopy:0]]
[2019.09.01-09.36.33:404][  0]LogConfig: Setting CVar [[r.Streaming.MaxNumTexturesToStreamPerFrame:0]]
[2019.09.01-09.36.33:404][  0]LogConfig: Setting CVar [[r.Streaming.Boost:1]]
[2019.09.01-09.36.33:404][  0]LogConfig: Setting CVar [[r.MaxAnisotropy:8]]
[2019.09.01-09.36.33:404][  0]LogConfig: Setting CVar [[r.Streaming.LimitPoolSizeToVRAM:0]]
[2019.09.01-09.36.33:404][  0]LogConfig: Setting CVar [[r.Streaming.PoolSize:1000]]
[2019.09.01-09.36.33:404][  0]LogConfig: Setting CVar [[r.Streaming.MaxEffectiveScreenSize:0]]
[2019.09.01-09.36.33:404][  0]LogConfig: Applying CVar settings from Section [EffectsQuality@3] File [C:/Users/Philipp/Desktop/Project-Erebos-112/Workspace/pointAndClick/Saved/Config/Windows/Scalability.ini]
[2019.09.01-09.36.33:404][  0]LogConfig: Setting CVar [[r.TranslucencyLightingVolumeDim:64]]
[2019.09.01-09.36.33:404][  0]LogConfig: Setting CVar [[r.RefractionQuality:2]]
[2019.09.01-09.36.33:404][  0]LogConfig: Setting CVar [[r.SSR.Quality:3]]
[2019.09.01-09.36.33:404][  0]LogConfig: Setting CVar [[r.SceneColorFormat:4]]
[2019.09.01-09.36.33:404][  0]LogConfig: Setting CVar [[r.DetailMode:2]]
[2019.09.01-09.36.33:404][  0]LogConfig: Setting CVar [[r.TranslucencyVolumeBlur:1]]
[2019.09.01-09.36.33:404][  0]LogConfig: Setting CVar [[r.MaterialQualityLevel:1 ; High quality]]
[2019.09.01-09.36.33:404][  0]LogConfig: Setting CVar [[r.SSS.Scale:1]]
[2019.09.01-09.36.33:404][  0]LogConfig: Setting CVar [[r.SSS.SampleSet:2]]
[2019.09.01-09.36.33:404][  0]LogConfig: Setting CVar [[r.SSS.Quality:1]]
[2019.09.01-09.36.33:404][  0]LogConfig: Setting CVar [[r.SSS.HalfRes:1]]
[2019.09.01-09.36.33:404][  0]LogConfig: Setting CVar [[r.EmitterSpawnRateScale:1.0]]
[2019.09.01-09.36.33:404][  0]LogConfig: Setting CVar [[r.ParticleLightQuality:2]]
[2019.09.01-09.36.33:404][  0]LogConfig: Applying CVar settings from Section [FoliageQuality@3] File [C:/Users/Philipp/Desktop/Project-Erebos-112/Workspace/pointAndClick/Saved/Config/Windows/Scalability.ini]
[2019.09.01-09.36.33:404][  0]LogConfig: Setting CVar [[foliage.DensityScale:1.0]]
[2019.09.01-09.36.33:404][  0]LogConfig: Setting CVar [[grass.DensityScale:1.0]]
[2019.09.01-09.36.33:404][  0]LogConfig: Applying CVar settings from Section [Startup] File [../../../Engine/Config/ConsoleVariables.ini]
[2019.09.01-09.36.33:405][  0]LogConfig: Setting CVar [[net.UseAdaptiveNetUpdateFrequency:0]]
[2019.09.01-09.36.33:405][  0]LogConfig: Setting CVar [[p.chaos.AllowCreatePhysxBodies:1]]
[2019.09.01-09.36.33:405][  0]LogConfig: Applying CVar settings from Section [ConsoleVariables] File [C:/Users/Philipp/Desktop/Project-Erebos-112/Workspace/pointAndClick/Saved/Config/Windows/Engine.ini]
[2019.09.01-09.36.33:405][  0]LogInit: Computer: DESKTOP-T1R8KDP
[2019.09.01-09.36.33:405][  0]LogInit: User: Philipp
[2019.09.01-09.36.33:405][  0]LogInit: CPU Page size=4096, Cores=2
[2019.09.01-09.36.33:405][  0]LogInit: High frequency timer resolution =1.753753 MHz
[2019.09.01-09.36.33:405][  0]LogMemory: Memory total: Physical=7.9GB (8GB approx)
[2019.09.01-09.36.33:405][  0]LogMemory: Platform Memory Stats for Windows
[2019.09.01-09.36.33:406][  0]LogMemory: Process Physical Memory: 96.56 MB used, 96.56 MB peak
[2019.09.01-09.36.33:406][  0]LogMemory: Process Virtual Memory: 91.74 MB used, 91.74 MB peak
[2019.09.01-09.36.33:406][  0]LogMemory: Physical Memory: 4157.18 MB used,  3933.39 MB free, 8090.57 MB total
[2019.09.01-09.36.33:406][  0]LogMemory: Virtual Memory: 4645.81 MB used,  134213080.00 MB free, 134217728.00 MB total
[2019.09.01-09.36.33:756][  0]LogInit: Using OS detected language (de-DE).
[2019.09.01-09.36.33:756][  0]LogInit: Using OS detected locale (de-DE).
[2019.09.01-09.36.33:759][  0]LogTextLocalizationManager: No specific localization for 'de-DE' exists, so the 'de' localization will be used.
[2019.09.01-09.36.33:759][  0]LogTextLocalizationResource: LocRes '../../../Engine/Content/Localization/Editor/de/Editor.locres' could not be opened for reading!
[2019.09.01-09.36.33:760][  0]LogTextLocalizationResource: LocRes '../../../Engine/Content/Localization/EditorTutorials/de/EditorTutorials.locres' could not be opened for reading!
[2019.09.01-09.36.33:760][  0]LogTextLocalizationResource: LocRes '../../../Engine/Content/Localization/Keywords/de/Keywords.locres' could not be opened for reading!
[2019.09.01-09.36.33:760][  0]LogTextLocalizationResource: LocRes '../../../Engine/Content/Localization/Category/de/Category.locres' could not be opened for reading!
[2019.09.01-09.36.33:761][  0]LogTextLocalizationResource: LocRes '../../../Engine/Content/Localization/ToolTips/de/ToolTips.locres' could not be opened for reading!
[2019.09.01-09.36.33:761][  0]LogTextLocalizationResource: LocRes '../../../Engine/Content/Localization/PropertyNames/de/PropertyNames.locres' could not be opened for reading!
[2019.09.01-09.36.33:761][  0]LogTextLocalizationResource: LocRes '../../../Engine/Content/Localization/Engine/de/Engine.locres' could not be opened for reading!
[2019.09.01-09.36.33:763][  0]LogInit: Setting process to per monitor DPI aware
[2019.09.01-09.36.33:844][  0]LogSlate: New Slate User Created.  User Index 0, Is Virtual User: 0
[2019.09.01-09.36.33:844][  0]LogSlate: Slate User Registered.  User Index 0, Is Virtual User: 0
[2019.09.01-09.36.34:318][  0]LogHMD: Failed to initialize OpenVR with code 110
[2019.09.01-09.36.34:318][  0]LogD3D11RHI: D3D11 adapters:
[2019.09.01-09.36.34:661][  0]LogD3D11RHI:    0. 'NVIDIA GeForce GT 750M' (Feature Level 11_0)
[2019.09.01-09.36.34:661][  0]LogD3D11RHI:       2019/0/4045 MB DedicatedVideo/DedicatedSystem/SharedSystem, Outputs:2, VendorId:0x10de
[2019.09.01-09.36.34:670][  0]LogD3D11RHI:    1. 'Intel(R) HD Graphics Family' (Feature Level 11_0)
[2019.09.01-09.36.34:670][  0]LogD3D11RHI:       112/0/2048 MB DedicatedVideo/DedicatedSystem/SharedSystem, Outputs:0, VendorId:0x8086
[2019.09.01-09.36.34:674][  0]LogD3D11RHI:    2. 'Microsoft Basic Render Driver' (Feature Level 11_0)
[2019.09.01-09.36.34:674][  0]LogD3D11RHI:       0/0/4045 MB DedicatedVideo/DedicatedSystem/SharedSystem, Outputs:0, VendorId:0x1414
[2019.09.01-09.36.34:674][  0]LogD3D11RHI: Chosen D3D11 Adapter: 0
[2019.09.01-09.36.34:719][  0]LogD3D11RHI: Creating new Direct3DDevice
[2019.09.01-09.36.34:719][  0]LogD3D11RHI:     GPU DeviceId: 0xfe4 (for the marketing name, search the web for "GPU Device Id")
[2019.09.01-09.36.34:719][  0]LogWindows: EnumDisplayDevices:
[2019.09.01-09.36.34:720][  0]LogWindows:    0. 'Intel(R) HD Graphics Family' (P:1 D:1)
[2019.09.01-09.36.34:721][  0]LogWindows:    1. 'Intel(R) HD Graphics Family' (P:0 D:1)
[2019.09.01-09.36.34:721][  0]LogWindows:    2. 'Intel(R) HD Graphics Family' (P:0 D:0)
[2019.09.01-09.36.34:722][  0]LogWindows: DebugString: PrimaryIsNotTheChoosenAdapter PrimaryIsNotTheChoosenAdapter PrimaryIsNotTheChoosenAdapter FoundDriverCount:0 
[2019.09.01-09.36.34:722][  0]LogD3D11RHI:     Adapter Name: NVIDIA GeForce GT 750M
[2019.09.01-09.36.34:722][  0]LogD3D11RHI:   Driver Version: Unknown (internal:Unknown, unified:Unknown)
[2019.09.01-09.36.34:722][  0]LogD3D11RHI:      Driver Date: Unknown
[2019.09.01-09.36.34:722][  0]LogRHI: Texture pool is 1413 MB (70% of 2019 MB)
[2019.09.01-09.36.34:745][  0]LogD3D11RHI: Async texture creation enabled
[2019.09.01-09.36.34:751][  0]LogRendererCore: FGlobalReadBuffer::InitRHI
[2019.09.01-09.36.34:751][  0]LogRendererCore: FGlobalReadBuffer::InitRHI
[2019.09.01-09.36.34:751][  0]LogRendererCore: FGlobalReadBuffer::InitRHI
[2019.09.01-09.36.34:766][  0]LogD3D11RHI: GPU Timing Frequency: 1000.000000 (Debug: 2 2)
[2019.09.01-09.36.35:323][  0]LogTemp: Display: Module 'AllDesktopTargetPlatform' loaded TargetPlatform 'AllDesktop'
[2019.09.01-09.36.35:349][  0]LogTemp: Display: Module 'MacClientTargetPlatform' loaded TargetPlatform 'MacClient'
[2019.09.01-09.36.35:375][  0]LogTemp: Display: Module 'MacNoEditorTargetPlatform' loaded TargetPlatform 'MacNoEditor'
[2019.09.01-09.36.35:400][  0]LogTemp: Display: Module 'MacServerTargetPlatform' loaded TargetPlatform 'MacServer'
[2019.09.01-09.36.35:424][  0]LogTemp: Display: Module 'MacTargetPlatform' loaded TargetPlatform 'Mac'
[2019.09.01-09.36.35:448][  0]LogTemp: Display: Module 'WindowsClientTargetPlatform' loaded TargetPlatform 'WindowsClient'
[2019.09.01-09.36.35:472][  0]LogTemp: Display: Module 'WindowsNoEditorTargetPlatform' loaded TargetPlatform 'WindowsNoEditor'
[2019.09.01-09.36.35:496][  0]LogTemp: Display: Module 'WindowsServerTargetPlatform' loaded TargetPlatform 'WindowsServer'
[2019.09.01-09.36.35:509][  0]LogTemp: Display: Module 'WindowsTargetPlatform' loaded TargetPlatform 'Windows'
[2019.09.01-09.36.35:668][  0]LogTemp: Display: Module 'AndroidTargetPlatform' loaded TargetPlatform 'Android'
[2019.09.01-09.36.35:668][  0]LogTemp: Display: Module 'AndroidTargetPlatform' loaded TargetPlatform 'Android_ASTC'
[2019.09.01-09.36.35:668][  0]LogTemp: Display: Module 'AndroidTargetPlatform' loaded TargetPlatform 'Android_ATC'
[2019.09.01-09.36.35:668][  0]LogTemp: Display: Module 'AndroidTargetPlatform' loaded TargetPlatform 'Android_DXT'
[2019.09.01-09.36.35:668][  0]LogTemp: Display: Module 'AndroidTargetPlatform' loaded TargetPlatform 'Android_ETC1'
[2019.09.01-09.36.35:668][  0]LogTemp: Display: Module 'AndroidTargetPlatform' loaded TargetPlatform 'Android_ETC1a'
[2019.09.01-09.36.35:668][  0]LogTemp: Display: Module 'AndroidTargetPlatform' loaded TargetPlatform 'Android_ETC2'
[2019.09.01-09.36.35:668][  0]LogTemp: Display: Module 'AndroidTargetPlatform' loaded TargetPlatform 'Android_PVRTC'
[2019.09.01-09.36.35:668][  0]LogTemp: Display: Module 'AndroidTargetPlatform' loaded TargetPlatform 'AndroidClient'
[2019.09.01-09.36.35:668][  0]LogTemp: Display: Module 'AndroidTargetPlatform' loaded TargetPlatform 'Android_ASTCClient'
[2019.09.01-09.36.35:669][  0]LogTemp: Display: Module 'AndroidTargetPlatform' loaded TargetPlatform 'Android_ATCClient'
[2019.09.01-09.36.35:669][  0]LogTemp: Display: Module 'AndroidTargetPlatform' loaded TargetPlatform 'Android_DXTClient'
[2019.09.01-09.36.35:669][  0]LogTemp: Display: Module 'AndroidTargetPlatform' loaded TargetPlatform 'Android_ETC1Client'
[2019.09.01-09.36.35:669][  0]LogTemp: Display: Module 'AndroidTargetPlatform' loaded TargetPlatform 'Android_ETC1aClient'
[2019.09.01-09.36.35:669][  0]LogTemp: Display: Module 'AndroidTargetPlatform' loaded TargetPlatform 'Android_ETC2Client'
[2019.09.01-09.36.35:669][  0]LogTemp: Display: Module 'AndroidTargetPlatform' loaded TargetPlatform 'Android_PVRTCClient'
[2019.09.01-09.36.35:669][  0]LogTemp: Display: Module 'AndroidTargetPlatform' loaded TargetPlatform 'Android_Multi'
[2019.09.01-09.36.35:669][  0]LogTemp: Display: Module 'AndroidTargetPlatform' loaded TargetPlatform 'Android_MultiClient'
[2019.09.01-09.36.35:672][  0]LogTemp: Display: Module 'HTML5TargetPlatform' loaded TargetPlatform 'HTML5'
[2019.09.01-09.36.35:753][  0]LogTemp: Display: Module 'IOSTargetPlatform' loaded TargetPlatform 'IOSClient'
[2019.09.01-09.36.35:753][  0]LogTemp: Display: Module 'IOSTargetPlatform' loaded TargetPlatform 'IOS'
[2019.09.01-09.36.35:797][  0]LogTemp: Display: Module 'TVOSTargetPlatform' loaded TargetPlatform 'TVOSClient'
[2019.09.01-09.36.35:797][  0]LogTemp: Display: Module 'TVOSTargetPlatform' loaded TargetPlatform 'TVOS'
[2019.09.01-09.36.35:821][  0]LogTemp: Display: Module 'LinuxClientTargetPlatform' loaded TargetPlatform 'LinuxClient'
[2019.09.01-09.36.35:845][  0]LogTemp: Display: Module 'LinuxNoEditorTargetPlatform' loaded TargetPlatform 'LinuxNoEditor'
[2019.09.01-09.36.35:870][  0]LogTemp: Display: Module 'LinuxServerTargetPlatform' loaded TargetPlatform 'LinuxServer'
[2019.09.01-09.36.35:893][  0]LogTemp: Display: Module 'LinuxTargetPlatform' loaded TargetPlatform 'Linux'
[2019.09.01-09.36.35:964][  0]LogTemp: Display: Module 'LuminTargetPlatform' loaded TargetPlatform 'Lumin'
[2019.09.01-09.36.35:964][  0]LogTemp: Display: Module 'LuminTargetPlatform' loaded TargetPlatform 'LuminClient'
[2019.09.01-09.36.35:964][  0]LogTargetPlatformManager: Display: Building Assets For Windows
[2019.09.01-09.36.35:985][  0]LogAudioDebug: Display: Lib vorbis DLL was dynamically loaded.
[2019.09.01-09.36.36:101][  0]LogShaderCompilers: Guid format shader working directory is -35 characters bigger than the processId version (../../../../../../Users/Philipp/Desktop/Project-Erebos-112/Workspace/pointAndClick/Intermediate/Shaders/WorkingDirectory/12316/).
[2019.09.01-09.36.36:101][  0]LogShaderCompilers: Cleaned the shader compiler working directory 'C:/Users/Philipp/AppData/Local/Temp/UnrealShaderWorkingDir/DB7AB9F9446C76A6C916AFAFE7C89546/'.
[2019.09.01-09.36.36:108][  0]LogXGEController: Cannot use XGE Controller as Incredibuild is not installed on this machine.
[2019.09.01-09.36.36:108][  0]LogShaderCompilers: Cannot use XGE Shader Compiler as Incredibuild is not installed on this machine.
[2019.09.01-09.36.36:108][  0]LogShaderCompilers: Display: Using Local Shader Compiler.
[2019.09.01-09.36.36:973][  0]LogDerivedDataCache: Display: Max Cache Size: 512 MB
[2019.09.01-09.36.37:077][  0]LogDerivedDataCache: Loaded boot cache 0.10s 71MB C:/Users/Philipp/AppData/Local/UnrealEngine/4.22/DerivedDataCache/Boot.ddc.
[2019.09.01-09.36.37:077][  0]LogDerivedDataCache: Display: Loaded Boot cache: C:/Users/Philipp/AppData/Local/UnrealEngine/4.22/DerivedDataCache/Boot.ddc
[2019.09.01-09.36.37:077][  0]LogDerivedDataCache: FDerivedDataBackendGraph:  Pak pak cache file ../../../../../../Users/Philipp/Desktop/Project-Erebos-112/Workspace/pointAndClick/DerivedDataCache/DDC.ddp not found, will not use a pak cache.
[2019.09.01-09.36.37:077][  0]LogDerivedDataCache: Unable to find inner node Pak for hierarchical cache Hierarchy.
[2019.09.01-09.36.37:077][  0]LogDerivedDataCache: FDerivedDataBackendGraph:  CompressedPak pak cache file ../../../../../../Users/Philipp/Desktop/Project-Erebos-112/Workspace/pointAndClick/DerivedDataCache/Compressed.ddp not found, will not use a pak cache.
[2019.09.01-09.36.37:077][  0]LogDerivedDataCache: Unable to find inner node CompressedPak for hierarchical cache Hierarchy.
[2019.09.01-09.36.37:095][  0]LogDerivedDataCache: Display: Pak cache opened for reading ../../../Engine/DerivedDataCache/Compressed.ddp.
[2019.09.01-09.36.37:095][  0]LogDerivedDataCache: FDerivedDataBackendGraph:  EnterprisePak pak cache file ../../../Enterprise/DerivedDataCache/Compressed.ddp not found, will not use a pak cache.
[2019.09.01-09.36.37:095][  0]LogDerivedDataCache: Unable to find inner node EnterprisePak for hierarchical cache Hierarchy.
[2019.09.01-09.36.37:108][  0]LogDerivedDataCache: Using Local data cache path C:/Users/Philipp/AppData/Local/UnrealEngine/Common/DerivedDataCache: Writable
[2019.09.01-09.36.37:108][  0]LogDerivedDataCache: Shared data cache path not found in *engine.ini, will not use an Shared cache.
[2019.09.01-09.36.37:108][  0]LogDerivedDataCache: Unable to find inner node Shared for hierarchical cache Hierarchy.
[2019.09.01-09.36.37:150][  0]LogMaterial: Verifying Global Shaders for PCD3D_SM5
[2019.09.01-09.36.37:152][  0]LogSlate: Using FreeType 2.6.0
[2019.09.01-09.36.37:153][  0]LogSlate: SlateFontServices - WITH_FREETYPE: 1, WITH_HARFBUZZ: 1
[2019.09.01-09.36.37:268][  0]LogAssetRegistry: FAssetRegistry took 0.0394 seconds to start up
[2019.09.01-09.36.37:888][  0]LogInit: Selected Device Profile: [Windows]
[2019.09.01-09.36.38:420][  0]LogMeshReduction: Using QuadricMeshReduction for automatic static mesh reduction
[2019.09.01-09.36.38:420][  0]LogMeshReduction: Using SimplygonMeshReduction for automatic skeletal mesh reduction
[2019.09.01-09.36.38:420][  0]LogMeshReduction: Using ProxyLODMeshReduction for automatic mesh merging
[2019.09.01-09.36.38:420][  0]LogMeshReduction: No distributed automatic mesh merging module available
[2019.09.01-09.36.38:420][  0]LogMeshMerging: No distributed automatic mesh merging module available
[2019.09.01-09.36.38:740][  0]LogNetVersion: pointAndClick 1.0.0, NetCL: 5660361, EngineNetVer: 10, GameNetVer: 0 (Checksum: 2979811519)
[2019.09.01-09.36.40:007][  0]LogPackageLocalizationCache: Processed 10 localized package path(s) for 1 prioritized culture(s) in 0.066359 seconds
[2019.09.01-09.36.40:017][  0]LogUObjectArray: 42205 objects as part of root set at end of initial load.
[2019.09.01-09.36.40:017][  0]LogUObjectAllocator: 7325032 out of 0 bytes used by permanent object pool.
[2019.09.01-09.36.40:017][  0]LogUObjectArray: CloseDisregardForGC: 0/0 objects in disregard for GC pool
[2019.09.01-09.36.41:752][  0]LogTcpMessaging: Initializing TcpMessaging bridge
[2019.09.01-09.36.41:767][  0]LogUdpMessaging: Initializing bridge on interface 0.0.0.0:0 to multicast group 230.0.0.1:6666.
[2019.09.01-09.36.41:898][  0]SourceControl: Source control is disabled
[2019.09.01-09.36.41:898][  0]SourceControl: Source control is disabled
[2019.09.01-09.36.41:901][  0]SourceControl: Source control is disabled
[2019.09.01-09.36.41:903][  0]SourceControl: Source control is disabled
[2019.09.01-09.36.41:914][  0]LogVSAccessor: Display: Unable to create Visual Studio setup instance: 80040154
[2019.09.01-09.36.41:914][  0]LogVSAccessor: Display: Unable to create Visual Studio setup instance: 80040154
[2019.09.01-09.36.42:024][  0]LogAndroidPermission: UAndroidPermissionCallbackProxy::GetInstance
[2019.09.01-09.36.42:161][  0]LogOcInput: OculusInput pre-init called
[2019.09.01-09.36.43:706][  0]LogEngine: Initializing Engine...
[2019.09.01-09.36.43:707][  0]LogHMD: Failed to initialize OpenVR with code 110
[2019.09.01-09.36.43:709][  0]LogStats: UGameplayTagsManager::InitializeManager -  0.000 s
[2019.09.01-09.36.44:010][  0]LogInit: Initializing FReadOnlyCVARCache
[2019.09.01-09.36.44:039][  0]LogAIModule: Creating AISystem for world Untitled
[2019.09.01-09.36.44:318][  0]LogInit: XAudio2 using 'Lautsprecher / Kopfhörer (Realtek High Definition Audio)' : 2 channels at 48 kHz using 32 bits per sample (channel mask 0x3)
[2019.09.01-09.36.44:358][  0]LogInit: FAudioDevice initialized.
[2019.09.01-09.36.44:358][  0]LogNetVersion: Set ProjectVersion to 1.0.0.0. Version Checksum will be recalculated on next use.
[2019.09.01-09.36.44:571][  0]LogDerivedDataCache: Saved boot cache 0.21s 71MB C:/Users/Philipp/AppData/Local/UnrealEngine/4.22/DerivedDataCache/Boot.ddc.
[2019.09.01-09.36.44:583][  0]LogInit: Texture streaming: Enabled
[2019.09.01-09.36.44:624][  0]LogEngineSessionManager: EngineSessionManager initialized
[2019.09.01-09.36.44:670][  0]LogInit: Transaction tracking system initialized
[2019.09.01-09.36.44:736][  0]BlueprintLog: New page: Editor Load
[2019.09.01-09.36.44:937][  0]LocalizationService: Localization service is disabled
[2019.09.01-09.36.45:164][  0]LogVSAccessor: Display: Unable to create Visual Studio setup instance: 80040154
[2019.09.01-09.36.45:164][  0]LogVSAccessor: Display: Unable to create Visual Studio setup instance: 80040154
[2019.09.01-09.36.45:538][  0]LogFileCache: Scanning file cache for directory 'C:/Users/Philipp/Desktop/Project-Erebos-112/Workspace/pointAndClick/Content/' took 0.03s
[2019.09.01-09.36.45:538][  0]LogCook: Display: Max memory allowance for cook 16384mb min free memory 0mb
[2019.09.01-09.36.45:538][  0]LogCook: Display: Mobile HDR setting 1
[2019.09.01-09.36.46:090][  0]SourceControl: Source control is disabled
[2019.09.01-09.36.46:090][  0]Cmd: MAP LOAD FILE="../../../../../../Users/Philipp/Desktop/Project-Erebos-112/Workspace/pointAndClick/Content/2DSideScrollerBP/Maps/2DSideScrollerExampleMap.umap" TEMPLATE=0 SHOWPROGRESS=1 FEATURELEVEL=3
[2019.09.01-09.36.46:091][  0]LightingResults: New page: Lighting Build
[2019.09.01-09.36.46:099][  0]MapCheck: New page: Map Check
[2019.09.01-09.36.46:099][  0]LightingResults: New page: Lighting Build
[2019.09.01-09.36.46:155][  0]LogUObjectHash: Compacting FUObjectHashTables data took   3.58ms
[2019.09.01-09.36.46:404][  0]LogAIModule: Creating AISystem for world 2DSideScrollerExampleMap
[2019.09.01-09.36.46:410][  0]LogEditorServer: Finished looking for orphan Actors (0.000 secs)
[2019.09.01-09.36.46:726][  0]LogUObjectHash: Compacting FUObjectHashTables data took   3.45ms
[2019.09.01-09.36.46:726][  0]Cmd: MAP CHECKDEP NOCLEARLOG
[2019.09.01-09.36.46:727][  0]MapCheck: Map check complete: 0 Error(s), 0 Warning(s), took 0,304ms to complete.
[2019.09.01-09.36.46:727][  0]LogFileHelpers: Loading map '2DSideScrollerExampleMap' took 0.636
[2019.09.01-09.36.47:162][  0]LogSlate: Updating window title bar state: overlay mode, drag disabled, window buttons hidden, title bar hidden
[2019.09.01-09.36.47:174][  0]LogSlate: Updating window title bar state: overlay mode, drag disabled, window buttons hidden, title bar hidden
[2019.09.01-09.36.47:183][  0]LogSlate: Updating window title bar state: overlay mode, drag disabled, window buttons hidden, title bar hidden
[2019.09.01-09.36.47:196][  0]LogSlate: Updating window title bar state: overlay mode, drag disabled, window buttons hidden, title bar hidden
[2019.09.01-09.36.47:314][  0]LogCollectionManager: Loaded 0 collections in 0.005997 seconds
[2019.09.01-09.36.47:335][  0]LogFileCache: Scanning file cache for directory 'C:/Users/Philipp/Desktop/Project-Erebos-112/Workspace/pointAndClick/Saved/Collections/' took 0.01s
[2019.09.01-09.36.47:335][  0]LogFileCache: Scanning file cache for directory 'C:/Users/Philipp/Desktop/Project-Erebos-112/Workspace/pointAndClick/Content/Developers/Philipp/Collections/' took 0.00s
[2019.09.01-09.36.47:335][  0]LogFileCache: Scanning file cache for directory 'C:/Users/Philipp/Desktop/Project-Erebos-112/Workspace/pointAndClick/Content/Collections/' took 0.00s
[2019.09.01-09.36.47:335][  0]LogCollectionManager: Rebuilt the GUID cache for 0 collections in 0.000001 seconds
[2019.09.01-09.36.47:346][  0]LogContentBrowser: Native class hierarchy populated in 0.0114 seconds. Added 2733 classes and 661 folders.
[2019.09.01-09.36.47:361][  0]LogContentBrowser: Native class hierarchy updated for 'WidgetCarousel' in 0.0004 seconds. Added 0 classes and 0 folders.
[2019.09.01-09.36.47:363][  0]LogPakFile: Registered encryption key '00000000000000000000000000000000': 0 pak files mounted, 0 remain pending
[2019.09.01-09.36.47:364][  0]LogPakFile: Registered encryption key '00000000000000000000000000000000': 0 pak files mounted, 0 remain pending
[2019.09.01-09.36.47:365][  0]LogPakFile: Registered encryption key '00000000000000000000000000000000': 0 pak files mounted, 0 remain pending
[2019.09.01-09.36.47:365][  0]LogPakFile: Registered encryption key '00000000000000000000000000000000': 0 pak files mounted, 0 remain pending
[2019.09.01-09.36.47:366][  0]LogPakFile: Registered encryption key '00000000000000000000000000000000': 0 pak files mounted, 0 remain pending
[2019.09.01-09.36.47:366][  0]LogPakFile: Registered encryption key '00000000000000000000000000000000': 0 pak files mounted, 0 remain pending
[2019.09.01-09.36.47:367][  0]LogPakFile: Registered encryption key '00000000000000000000000000000000': 0 pak files mounted, 0 remain pending
[2019.09.01-09.36.47:368][  0]LogPakFile: Registered encryption key '00000000000000000000000000000000': 0 pak files mounted, 0 remain pending
[2019.09.01-09.36.47:368][  0]LogPakFile: Registered encryption key '00000000000000000000000000000000': 0 pak files mounted, 0 remain pending
[2019.09.01-09.36.47:369][  0]LogPakFile: Registered encryption key '00000000000000000000000000000000': 0 pak files mounted, 0 remain pending
[2019.09.01-09.36.47:370][  0]LogPakFile: Registered encryption key '00000000000000000000000000000000': 0 pak files mounted, 0 remain pending
[2019.09.01-09.36.47:371][  0]LogPakFile: Registered encryption key '00000000000000000000000000000000': 0 pak files mounted, 0 remain pending
[2019.09.01-09.36.47:372][  0]LogPakFile: Registered encryption key '00000000000000000000000000000000': 0 pak files mounted, 0 remain pending
[2019.09.01-09.36.47:373][  0]LogPakFile: Registered encryption key '00000000000000000000000000000000': 0 pak files mounted, 0 remain pending
[2019.09.01-09.36.47:373][  0]LogPakFile: Registered encryption key '00000000000000000000000000000000': 0 pak files mounted, 0 remain pending
[2019.09.01-09.36.47:374][  0]LogPakFile: Registered encryption key '00000000000000000000000000000000': 0 pak files mounted, 0 remain pending
[2019.09.01-09.36.47:375][  0]LogPakFile: Registered encryption key '00000000000000000000000000000000': 0 pak files mounted, 0 remain pending
[2019.09.01-09.36.47:376][  0]LogPakFile: Registered encryption key '00000000000000000000000000000000': 0 pak files mounted, 0 remain pending
[2019.09.01-09.36.47:376][  0]LogPakFile: Registered encryption key '00000000000000000000000000000000': 0 pak files mounted, 0 remain pending
[2019.09.01-09.36.47:377][  0]LogPakFile: Registered encryption key '00000000000000000000000000000000': 0 pak files mounted, 0 remain pending
[2019.09.01-09.36.47:378][  0]LogPakFile: Registered encryption key '00000000000000000000000000000000': 0 pak files mounted, 0 remain pending
[2019.09.01-09.36.47:378][  0]LogPakFile: Registered encryption key '00000000000000000000000000000000': 0 pak files mounted, 0 remain pending
[2019.09.01-09.36.47:379][  0]LogPakFile: Registered encryption key '00000000000000000000000000000000': 0 pak files mounted, 0 remain pending
[2019.09.01-09.36.47:380][  0]LogPakFile: Registered encryption key '00000000000000000000000000000000': 0 pak files mounted, 0 remain pending
[2019.09.01-09.36.47:381][  0]LogPakFile: Registered encryption key '00000000000000000000000000000000': 0 pak files mounted, 0 remain pending
[2019.09.01-09.36.47:381][  0]LogPakFile: Registered encryption key '00000000000000000000000000000000': 0 pak files mounted, 0 remain pending
[2019.09.01-09.36.47:467][  0]LogContentBrowser: Native class hierarchy updated for 'AddContentDialog' in 0.0004 seconds. Added 0 classes and 0 folders.
[2019.09.01-09.36.47:779][  0]LogSlate: Took 0.000338 seconds to synchronously load lazily loaded font '../../../Engine/Content/Slate/Fonts/Roboto-Regular.ttf' (155K)
[2019.09.01-09.36.47:784][  0]LogSlate: Took 0.000330 seconds to synchronously load lazily loaded font '../../../Engine/Content/Slate/Fonts/Roboto-Bold.ttf' (160K)
[2019.09.01-09.36.47:908][  0]LogRenderer: Reallocating scene render targets to support 840x708 Format 10 NumSamples 1 (Frame:1).
[2019.09.01-09.36.48:114][  0]LogContentBrowser: Native class hierarchy updated for 'HierarchicalLODOutliner' in 0.0003 seconds. Added 0 classes and 0 folders.
[2019.09.01-09.36.48:114][  0]LogLoad: (Engine Initialization) Total time: 18.90 seconds
[2019.09.01-09.36.48:114][  0]LogLoad: (Engine Initialization) Total Blueprint compile time: 0.00 seconds
[2019.09.01-09.36.48:133][  0]LogWindowsTextInputMethodSystem: Display: IME system now deactivated.
[2019.09.01-09.36.48:184][  0]LogContentStreaming: Texture pool size now 1000 MB
[2019.09.01-09.36.48:208][  1]LogAssetRegistry: Asset discovery search completed in 10.9621 seconds
[2019.09.01-09.36.48:211][  1]LogCollectionManager: Rebuilt the object cache for 0 collections in 0.000000 seconds (found 0 objects)
[2019.09.01-09.36.48:211][  1]LogCollectionManager: Fixed up redirectors for 0 collections in 0.000104 seconds (updated 0 objects)
[2019.09.01-09.36.49:160][ 46]LogSlate: Took 0.001233 seconds to synchronously load lazily loaded font '../../../Engine/Content/Slate/Fonts/Roboto-Light.ttf' (167K)
[2019.09.01-09.36.54:773][358]LogSlate: FSceneViewport::OnFocusLost() reason 0
[2019.09.01-09.36.54:879][362]LogAssetEditorManager: Opening Asset editor for Blueprint /Game/Point_Click/Blueprints/inventory/InventoryComponent.InventoryComponent
[2019.09.01-09.36.55:468][362]LogContentBrowser: Native class hierarchy updated for 'BlueprintGraph' in 0.0010 seconds. Added 121 classes and 0 folders.
[2019.09.01-09.36.56:902][362]LogAssetEditorManager: Opening Asset editor for Blueprint /Game/Point_Click/Blueprints/PC_Character.PC_Character
[2019.09.01-09.36.57:747][362]LogAssetEditorManager: Opening Asset editor for WidgetBlueprint /Game/Point_Click/Blueprints/inventory/Inventory_UI/InventoryWindow.InventoryWindow
[2019.09.01-09.36.58:504][362]LogBlueprintActionDatabase: Requesting refresh due to module change: SequencerWidgets (loaded)
[2019.09.01-09.36.58:929][362]LogAssetEditorManager: Opening Asset editor for WidgetBlueprint /Game/Point_Click/Blueprints/inventory/Inventory_UI/InventorySlot.InventorySlot
[2019.09.01-09.36.59:810][362]LogAssetEditorManager: Opening Asset editor for WidgetBlueprint /Game/Point_Click/Blueprints/inventory/Inventory_UI/HUD.HUD
[2019.09.01-09.37.00:551][362]LogAssetEditorManager: Opening Asset editor for Blueprint /Game/Point_Click/Blueprints/PC_PlayerController.PC_PlayerController
[2019.09.01-09.37.01:813][362]LogAssetEditorManager: Opening Asset editor for UserDefinedStruct /Game/Point_Click/Blueprints/inventory/SlotStructure.SlotStructure
[2019.09.01-09.37.02:727][362]LogSlate: Took 0.000339 seconds to synchronously load lazily loaded font '../../../Engine/Content/Slate/Fonts/Roboto-BoldCondensed.ttf' (158K)
[2019.09.01-09.37.02:728][362]LogSlate: Took 0.000267 seconds to synchronously load lazily loaded font '../../../Engine/Content/Editor/Slate/Fonts/FontAwesome.ttf' (139K)
[2019.09.01-09.37.03:083][363]LogSlate: Took 0.000359 seconds to synchronously load lazily loaded font '../../../Engine/Content/Slate/Fonts/Roboto-Italic.ttf' (157K)
[2019.09.01-09.48.55:293][944]LogSlate: Took 0.004494 seconds to synchronously load lazily loaded font '../../../Engine/Content/Slate/Fonts/DroidSansFallback.ttf' (3848K)
[2019.09.01-09.49.12:836][925]BlueprintLog: New page: Compile InventoryWindow
[2019.09.01-09.49.12:959][925]LogUObjectHash: Compacting FUObjectHashTables data took   9.44ms
[2019.09.01-09.50.27:916][105]LogSavePackage: Moving '../../../../../../Users/Philipp/Desktop/Project-Erebos-112/Workspace/pointAndClick/Saved/InventoryWindow5940EC6A4A3F888AAE07B5BA66698C05.tmp' to '../../../../../../Users/Philipp/Desktop/Project-Erebos-112/Workspace/pointAndClick/Content/Point_Click/Blueprints/inventory/Inventory_UI/InventoryWindow.uasset'
[2019.09.01-09.50.28:789][156]BlueprintLog: New page: Compile InventoryWindow
[2019.09.01-09.50.28:871][156]LogUObjectHash: Compacting FUObjectHashTables data took   7.67ms
[2019.09.01-09.50.30:527][230]LogTemp: Repeating last play command: New Editor Window (PIE)
[2019.09.01-09.50.30:590][230]LogBlueprintUserMessages: Early PlayInEditor Detection: Level '/Game/2DSideScrollerBP/Maps/2DSideScrollerExampleMap.2DSideScrollerExampleMap:PersistentLevel' has LevelScriptBlueprint '/Game/2DSideScrollerBP/Maps/2DSideScrollerExampleMap.2DSideScrollerExampleMap:PersistentLevel.2DSideScrollerExampleMap' with GeneratedClass '/Game/2DSideScrollerBP/Maps/2DSideScrollerExampleMap.2DSideScrollerExampleMap_C' with ClassGeneratedBy '/Game/2DSideScrollerBP/Maps/2DSideScrollerExampleMap.2DSideScrollerExampleMap:PersistentLevel.2DSideScrollerExampleMap'
[2019.09.01-09.50.30:591][230]LogPlayLevel: PlayLevel: No blueprints needed recompiling
[2019.09.01-09.50.30:591][230]PIE: New page: PIE session: 2DSideScrollerExampleMap (01.09.2019 13:50:30)
[2019.09.01-09.50.30:603][230]LogPlayLevel: Creating play world package: /Game/2DSideScrollerBP/Maps/UEDPIE_0_2DSideScrollerExampleMap
[2019.09.01-09.50.30:610][230]LogPlayLevel: PIE: StaticDuplicateObject took: (0.006186s)
[2019.09.01-09.50.30:611][230]LogAIModule: Creating AISystem for world 2DSideScrollerExampleMap
[2019.09.01-09.50.30:611][230]LogPlayLevel: PIE: World Init took: (0.001112s)
[2019.09.01-09.50.30:611][230]LogPlayLevel: PIE: Created PIE world by copying editor world from /Game/2DSideScrollerBP/Maps/2DSideScrollerExampleMap.2DSideScrollerExampleMap to /Game/2DSideScrollerBP/Maps/UEDPIE_0_2DSideScrollerExampleMap.2DSideScrollerExampleMap (0.007879s)
[2019.09.01-09.50.30:667][230]LogUObjectHash: Compacting FUObjectHashTables data took   5.18ms
[2019.09.01-09.50.30:678][230]LogInit: XAudio2 using 'Lautsprecher / Kopfhörer (Realtek High Definition Audio)' : 2 channels at 48 kHz using 32 bits per sample (channel mask 0x3)
[2019.09.01-09.50.30:714][230]LogInit: FAudioDevice initialized.
[2019.09.01-09.50.30:929][230]LogSlate: Updating window title bar state: overlay mode, drag disabled, window buttons hidden, title bar hidden
[2019.09.01-09.50.30:981][230]LogLoad: Game class is 'Point_Click_gamemode_C'
[2019.09.01-09.50.30:983][230]LogWorld: Bringing World /Game/2DSideScrollerBP/Maps/UEDPIE_0_2DSideScrollerExampleMap.2DSideScrollerExampleMap up for play (max tick rate 60) at 2019.09.01-11.50.30
[2019.09.01-09.50.30:984][230]LogWorld: Bringing up level for play took: 0.002230
[2019.09.01-09.50.31:008][230]LogBlueprintActionDatabase: Requesting refresh due to module change: Voice (loaded)
[2019.09.01-09.50.31:019][230]LogBlueprintActionDatabase: Requesting refresh due to module change: MovieSceneCapture (loaded)
[2019.09.01-09.50.31:019][230]LogContentBrowser: Native class hierarchy updated for 'MovieSceneCapture' in 0.0004 seconds. Added 20 classes and 0 folders.
[2019.09.01-09.50.31:023][230]PIE: Play in editor start time for /Game/2DSideScrollerBP/Maps/UEDPIE_0_2DSideScrollerExampleMap 0,721
[2019.09.01-09.50.31:023][230]LogBlueprintUserMessages: Late PlayInEditor Detection: Level '/Game/2DSideScrollerBP/Maps/2DSideScrollerExampleMap.2DSideScrollerExampleMap:PersistentLevel' has LevelScriptBlueprint '/Game/2DSideScrollerBP/Maps/2DSideScrollerExampleMap.2DSideScrollerExampleMap:PersistentLevel.2DSideScrollerExampleMap' with GeneratedClass '/Game/2DSideScrollerBP/Maps/2DSideScrollerExampleMap.2DSideScrollerExampleMap_C' with ClassGeneratedBy '/Game/2DSideScrollerBP/Maps/2DSideScrollerExampleMap.2DSideScrollerExampleMap:PersistentLevel.2DSideScrollerExampleMap'
[2019.09.01-09.50.31:049][231]LogRenderer: Reallocating scene render targets to support 1016x708 Format 10 NumSamples 1 (Frame:1).
[2019.09.01-09.50.31:969][236]LogBlueprintUserMessages: [PC_Character_C_0] Greater
[2019.09.01-09.50.34:046][336]LogBlueprintUserMessages: [PC_Character_C_0] Greater
[2019.09.01-09.50.36:314][436]LogBlueprintUserMessages: [PC_Character_C_0] Open Inventory
[2019.09.01-09.50.36:318][436]LogScript: Warning: Attempted to access index 0 from array Inventory of length 0!
	InventoryWindow_C /Engine/Transient.UnrealEdEngine_0:GameInstance_0.InventoryWindow_C_0
	Function /Game/Point_Click/Blueprints/inventory/Inventory_UI/InventoryWindow.InventoryWindow_C:ExecuteUbergraph_InventoryWindow:00F5
[2019.09.01-09.50.36:318][436]PIE: Error: Blueprint Runtime Error: "Attempted to access index 0 from array Inventory of length 0!". Blueprint:  InventoryWindow Function:  Execute Ubergraph Inventory Window Graph:  EventGraph Node:  Create Widget
[2019.09.01-09.50.36:319][436]LogOutputDevice: Warning: 

Script Stack (6 frames):
InventoryWindow_C.ExecuteUbergraph_InventoryWindow
InventoryWindow_C.Construct
InventoryComponent_C.toggleInventory
PC_Character_C.OpenInventory
PC_Character_C.ExecuteUbergraph_PC_Character
PC_Character_C.InpActEvt_Mouse wheel up_K2Node_InputActionEvent_1

[2019.09.01-09.50.36:319][436]LogWindows: Windows GetLastError: Der Vorgang wurde erfolgreich beendet. (0)
[2019.09.01-09.50.38:200][436]LogWindows: Error: === Critical error: ===
[2019.09.01-09.50.38:200][436]LogWindows: Error: 
[2019.09.01-09.50.38:200][436]LogWindows: Error: Assertion failed: Src [File:D:\Build\++UE4\Sync\Engine\Source\Runtime\CoreUObject\Private\UObject\Class.cpp] [Line: 2444] 
[2019.09.01-09.50.38:200][436]LogWindows: Error: 
[2019.09.01-09.50.38:200][436]LogWindows: Error: 
[2019.09.01-09.50.38:200][436]LogWindows: Error: 
[2019.09.01-09.50.38:200][436]LogWindows: Error: [Callstack] 0x00007ff9ecb6a388 KERNELBASE.dll!UnknownFunction []
[2019.09.01-09.50.38:200][436]LogWindows: Error: [Callstack] 0x00007ff9c7af1f37 UE4Editor-Core.dll!UnknownFunction []
[2019.09.01-09.50.38:200][436]LogWindows: Error: [Callstack] 0x00007ff9c7af46e7 UE4Editor-Core.dll!UnknownFunction []
[2019.09.01-09.50.38:200][436]LogWindows: Error: [Callstack] 0x00007ff9c7907d1a UE4Editor-Core.dll!UnknownFunction []
[2019.09.01-09.50.38:200][436]LogWindows: Error: [Callstack] 0x00007ff9c788fe33 UE4Editor-Core.dll!UnknownFunction []
[2019.09.01-09.50.38:200][436]LogWindows: Error: [Callstack] 0x00007ff9c78904d0 UE4Editor-Core.dll!UnknownFunction []
[2019.09.01-09.50.38:200][436]LogWindows: Error: [Callstack] 0x00007ff9cc3b5527 UE4Editor-CoreUObject.dll!UnknownFunction []
[2019.09.01-09.50.38:200][436]LogWindows: Error: [Callstack] 0x00007ff9b9436cda UE4Editor-Engine.dll!UnknownFunction []
[2019.09.01-09.50.38:200][436]LogWindows: Error: [Callstack] 0x00007ff9b8d08916 UE4Editor-Engine.dll!UnknownFunction []
[2019.09.01-09.50.38:200][436]LogWindows: Error: [Callstack] 0x00007ff9cc3cbac8 UE4Editor-CoreUObject.dll!UnknownFunction []
[2019.09.01-09.50.38:200][436]LogWindows: Error: [Callstack] 0x00007ff9cc5c00e2 UE4Editor-CoreUObject.dll!UnknownFunction []
[2019.09.01-09.50.38:200][436]LogWindows: Error: [Callstack] 0x00007ff9cc5dcbc1 UE4Editor-CoreUObject.dll!UnknownFunction []
[2019.09.01-09.50.38:200][436]LogWindows: Error: [Callstack] 0x00007ff9cc5de98d UE4Editor-CoreUObject.dll!UnknownFunction []
[2019.09.01-09.50.38:200][436]LogWindows: Error: [Callstack] 0x00007ff9cc5b5efb UE4Editor-CoreUObject.dll!UnknownFunction []
[2019.09.01-09.50.38:200][436]LogWindows: Error: [Callstack] 0x00007ff9cc5de6a9 UE4Editor-CoreUObject.dll!UnknownFunction []
[2019.09.01-09.50.38:200][436]LogWindows: Error: [Callstack] 0x00007ff9cc5de98d UE4Editor-CoreUObject.dll!UnknownFunction []
[2019.09.01-09.50.38:201][436]LogWindows: Error: [Callstack] 0x00007ff9cc5de378 UE4Editor-CoreUObject.dll!UnknownFunction []
[2019.09.01-09.50.38:201][436]LogWindows: Error: [Callstack] 0x00007ff9cc3cbac8 UE4Editor-CoreUObject.dll!UnknownFunction []
[2019.09.01-09.50.38:201][436]LogWindows: Error: [Callstack] 0x00007ff9cc5ddf07 UE4Editor-CoreUObject.dll!UnknownFunction []
[2019.09.01-09.50.38:201][436]LogWindows: Error: [Callstack] 0x00007ff9bc25329e UE4Editor-UMG.dll!UnknownFunction []
[2019.09.01-09.50.38:201][436]LogWindows: Error: [Callstack] 0x00007ff9bc2af8a1 UE4Editor-UMG.dll!UnknownFunction []
[2019.09.01-09.50.38:201][436]LogWindows: Error: [Callstack] 0x00007ff9bc1ff4d7 UE4Editor-UMG.dll!UnknownFunction []
[2019.09.01-09.50.38:201][436]LogWindows: Error: [Callstack] 0x00007ff9bc266045 UE4Editor-UMG.dll!UnknownFunction []
[2019.09.01-09.50.38:201][436]LogWindows: Error: [Callstack] 0x00007ff9bc1f5fca UE4Editor-UMG.dll!UnknownFunction []
[2019.09.01-09.50.38:201][436]LogWindows: Error: [Callstack] 0x00007ff9bc2c0aa9 UE4Editor-UMG.dll!UnknownFunction []
[2019.09.01-09.50.38:201][436]LogWindows: Error: [Callstack] 0x00007ff9cc3cbac8 UE4Editor-CoreUObject.dll!UnknownFunction []
[2019.09.01-09.50.38:201][436]LogWindows: Error: [Callstack] 0x00007ff9cc5c00e2 UE4Editor-CoreUObject.dll!UnknownFunction []
[2019.09.01-09.50.38:201][436]LogWindows: Error: [Callstack] 0x00007ff9cc5dcbc1 UE4Editor-CoreUObject.dll!UnknownFunction []
[2019.09.01-09.50.38:201][436]LogWindows: Error: [Callstack] 0x00007ff9cc5f4be6 UE4Editor-CoreUObject.dll!UnknownFunction []
[2019.09.01-09.50.38:201][436]LogWindows: Error: [Callstack] 0x00007ff9cc5de98d UE4Editor-CoreUObject.dll!UnknownFunction []
[2019.09.01-09.50.38:201][436]LogWindows: Error: [Callstack] 0x00007ff9cc5b5efb UE4Editor-CoreUObject.dll!UnknownFunction []
[2019.09.01-09.50.38:201][436]LogWindows: Error: [Callstack] 0x00007ff9cc5de6a9 UE4Editor-CoreUObject.dll!UnknownFunction []
[2019.09.01-09.50.38:201][436]LogWindows: Error: [Callstack] 0x00007ff9cc5dcbc1 UE4Editor-CoreUObject.dll!UnknownFunction []
[2019.09.01-09.50.38:201][436]LogWindows: Error: [Callstack] 0x00007ff9cc5de98d UE4Editor-CoreUObject.dll!UnknownFunction []
[2019.09.01-09.50.38:201][436]LogWindows: Error: [Callstack] 0x00007ff9cc5b5efb UE4Editor-CoreUObject.dll!UnknownFunction []
[2019.09.01-09.50.38:201][436]LogWindows: Error: [Callstack] 0x00007ff9cc5de6a9 UE4Editor-CoreUObject.dll!UnknownFunction []
[2019.09.01-09.50.38:201][436]LogWindows: Error: [Callstack] 0x00007ff9cc5de98d UE4Editor-CoreUObject.dll!UnknownFunction []
[2019.09.01-09.50.38:201][436]LogWindows: Error: [Callstack] 0x00007ff9cc5b5efb UE4Editor-CoreUObject.dll!UnknownFunction []
[2019.09.01-09.50.38:201][436]LogWindows: Error: [Callstack] 0x00007ff9cc5de6a9 UE4Editor-CoreUObject.dll!UnknownFunction []
[2019.09.01-09.50.38:201][436]LogWindows: Error: [Callstack] 0x00007ff9cc5de98d UE4Editor-CoreUObject.dll!UnknownFunction []
[2019.09.01-09.50.38:201][436]LogWindows: Error: [Callstack] 0x00007ff9cc5de378 UE4Editor-CoreUObject.dll!UnknownFunction []
[2019.09.01-09.50.38:201][436]LogWindows: Error: [Callstack] 0x00007ff9cc3cbac8 UE4Editor-CoreUObject.dll!UnknownFunction []
[2019.09.01-09.50.38:201][436]LogWindows: Error: [Callstack] 0x00007ff9cc5ddf07 UE4Editor-CoreUObject.dll!UnknownFunction []
[2019.09.01-09.50.38:201][436]LogWindows: Error: [Callstack] 0x00007ff9b8cc9ff3 UE4Editor-Engine.dll!UnknownFunction []
[2019.09.01-09.50.38:201][436]LogWindows: Error: [Callstack] 0x00007ff9b9d169b4 UE4Editor-Engine.dll!UnknownFunction []
[2019.09.01-09.50.38:201][436]LogWindows: Error: [Callstack] 0x00007ff9b9d40ef1 UE4Editor-Engine.dll!UnknownFunction []
[2019.09.01-09.50.38:201][436]LogWindows: Error: [Callstack] 0x00007ff9b98b0dc4 UE4Editor-Engine.dll!UnknownFunction []
[2019.09.01-09.50.38:201][436]LogWindows: Error: [Callstack] 0x00007ff9b98c3c88 UE4Editor-Engine.dll!UnknownFunction []
[2019.09.01-09.50.38:201][436]LogWindows: Error: [Callstack] 0x00007ff9b98af1cb UE4Editor-Engine.dll!UnknownFunction []
[2019.09.01-09.50.38:202][436]LogWindows: Error: [Callstack] 0x00007ff9b98c2697 UE4Editor-Engine.dll!UnknownFunction []
[2019.09.01-09.50.38:202][436]LogWindows: Error: [Callstack] 0x00007ff9b8caaeed UE4Editor-Engine.dll!UnknownFunction []
[2019.09.01-09.50.38:202][436]LogWindows: Error: [Callstack] 0x00007ff9b9c672bc UE4Editor-Engine.dll!UnknownFunction []
[2019.09.01-09.50.38:202][436]LogWindows: Error: [Callstack] 0x00007ff9c77122d8 UE4Editor-Core.dll!UnknownFunction []
[2019.09.01-09.50.38:202][436]LogWindows: Error: [Callstack] 0x00007ff9c7712563 UE4Editor-Core.dll!UnknownFunction []
[2019.09.01-09.50.38:202][436]LogWindows: Error: [Callstack] 0x00007ff9c7722309 UE4Editor-Core.dll!UnknownFunction []
[2019.09.01-09.50.38:202][436]LogWindows: Error: [Callstack] 0x00007ff9b9caf9e3 UE4Editor-Engine.dll!UnknownFunction []
[2019.09.01-09.50.38:202][436]LogWindows: Error: [Callstack] 0x00007ff9b9cbbd12 UE4Editor-Engine.dll!UnknownFunction []
[2019.09.01-09.50.38:202][436]LogWindows: Error: [Callstack] 0x00007ff9b94ddc4f UE4Editor-Engine.dll!UnknownFunction []
[2019.09.01-09.50.38:202][436]LogWindows: Error: [Callstack] 0x00007ff9b94e7e28 UE4Editor-Engine.dll!UnknownFunction []
[2019.09.01-09.50.38:202][436]LogWindows: Error: [Callstack] 0x00007ff9b69502f7 UE4Editor-UnrealEd.dll!UnknownFunction []
[2019.09.01-09.50.38:202][436]LogWindows: Error: [Callstack] 0x00007ff9b716d396 UE4Editor-UnrealEd.dll!UnknownFunction []
[2019.09.01-09.50.38:202][436]LogWindows: Error: [Callstack] 0x00007ff6e7336bb1 UE4Editor.exe!UnknownFunction []
[2019.09.01-09.50.38:202][436]LogWindows: Error: [Callstack] 0x00007ff6e734554c UE4Editor.exe!UnknownFunction []
[2019.09.01-09.50.38:202][436]LogWindows: Error: [Callstack] 0x00007ff6e73455ca UE4Editor.exe!UnknownFunction []
[2019.09.01-09.50.38:202][436]LogWindows: Error: [Callstack] 0x00007ff6e735316c UE4Editor.exe!UnknownFunction []
[2019.09.01-09.50.38:202][436]LogWindows: Error: [Callstack] 0x00007ff6e7355b8e UE4Editor.exe!UnknownFunction []
[2019.09.01-09.50.38:202][436]LogWindows: Error: [Callstack] 0x00007ff9ed784034 KERNEL32.DLL!UnknownFunction []
[2019.09.01-09.50.38:202][436]LogWindows: Error: [Callstack] 0x00007ff9ef993691 ntdll.dll!UnknownFunction []
[2019.09.01-09.50.38:202][436]LogWindows: Error: 
[2019.09.01-09.50.38:212][436]LogExit: Executing StaticShutdownAfterError
[2019.09.01-09.50.38:218][436]LogWindows: FPlatformMisc::RequestExit(1)
[2019.09.01-09.50.38:248][436]Log file closed, 09/01/19 11:50:38
